  [1m[36mSQL (2.1ms)[0m  [1mCREATE EXTENSION IF NOT EXISTS "plpgsql"[0m
  [1m[35m (20.8ms)[0m  CREATE TABLE "cat_rental_requests" ("id" serial primary key, "cat_id" integer NOT NULL, "end_date" date NOT NULL, "start_date" date NOT NULL, "status" character varying NOT NULL, "created_at" timestamp, "updated_at" timestamp, "user_id" integer NOT NULL) 
  [1m[36m (2.0ms)[0m  [1mCREATE  INDEX  "index_cat_rental_requests_on_cat_id" ON "cat_rental_requests" USING btree ("cat_id")[0m
  [1m[35m (1.4ms)[0m  CREATE  INDEX  "index_cat_rental_requests_on_user_id" ON "cat_rental_requests" USING btree ("user_id")
  [1m[36m (6.3ms)[0m  [1mCREATE TABLE "cats" ("id" serial primary key, "birth_date" date NOT NULL, "color" character varying NOT NULL, "name" character varying NOT NULL, "sex" character varying(1) NOT NULL, "description" text, "created_at" timestamp, "updated_at" timestamp, "user_id" integer NOT NULL) [0m
  [1m[35m (1.3ms)[0m  CREATE  INDEX  "index_cats_on_user_id" ON "cats" USING btree ("user_id")
  [1m[36m (5.2ms)[0m  [1mCREATE TABLE "users" ("id" serial primary key, "password_digest" character varying NOT NULL, "session_token" character varying NOT NULL, "username" character varying NOT NULL, "created_at" timestamp, "updated_at" timestamp) [0m
  [1m[35m (1.7ms)[0m  CREATE UNIQUE INDEX  "index_users_on_session_token" ON "users" USING btree ("session_token")
  [1m[36m (1.4ms)[0m  [1mCREATE UNIQUE INDEX  "index_users_on_username" ON "users" USING btree ("username")[0m
  [1m[35m (3.6ms)[0m  CREATE TABLE "schema_migrations" ("version" character varying NOT NULL) 
  [1m[36m (1.1ms)[0m  [1mCREATE UNIQUE INDEX  "unique_schema_migrations" ON "schema_migrations"  ("version")[0m
  [1m[35m (0.4ms)[0m  SELECT version FROM "schema_migrations"
  [1m[36m (1.2ms)[0m  [1mINSERT INTO "schema_migrations" (version) VALUES ('20140630020430')[0m
  [1m[35m (0.4ms)[0m  INSERT INTO "schema_migrations" (version) VALUES ('20130809160915')
  [1m[36m (0.3ms)[0m  [1mINSERT INTO "schema_migrations" (version) VALUES ('20130809232439')[0m
  [1m[35m (0.4ms)[0m  INSERT INTO "schema_migrations" (version) VALUES ('20130810044018')
  [1m[36m (0.4ms)[0m  [1mINSERT INTO "schema_migrations" (version) VALUES ('20130810051907')[0m
  [1m[35mActiveRecord::SchemaMigration Load (0.9ms)[0m  SELECT "schema_migrations".* FROM "schema_migrations"
  [1m[36m (0.3ms)[0m  [1mBEGIN[0m
  [1m[35mUser Exists (1.7ms)[0m  SELECT  1 AS one FROM "users" WHERE "users"."session_token" = 'WUs8dA8-Urr1k_-aW8xfdQ' LIMIT 1
  [1m[36mUser Exists (0.4ms)[0m  [1mSELECT  1 AS one FROM "users" WHERE "users"."username" = 'Werner Bernier' LIMIT 1[0m
  [1m[35mSQL (1.4ms)[0m  INSERT INTO "users" ("username", "password_digest", "session_token", "created_at", "updated_at") VALUES ($1, $2, $3, $4, $5) RETURNING "id"  [["username", "Werner Bernier"], ["password_digest", "$2a$10$r4/EPi5xy76zSn.DyWliiu./BBd/zMWbT4x1nK4RRmy8GYXEy8P1S"], ["session_token", "WUs8dA8-Urr1k_-aW8xfdQ"], ["created_at", "2017-02-16 05:24:17.301828"], ["updated_at", "2017-02-16 05:24:17.301828"]]
  [1m[36m (0.4ms)[0m  [1mCOMMIT[0m
  [1m[35m (0.2ms)[0m  BEGIN
  [1m[36mSQL (0.8ms)[0m  [1mINSERT INTO "cats" ("user_id", "name", "color", "sex", "description", "birth_date", "created_at", "updated_at") VALUES ($1, $2, $3, $4, $5, $6, $7, $8) RETURNING "id"[0m  [["user_id", 1], ["name", "paleo"], ["color", "brown"], ["sex", "M"], ["description", "Pork belly heirloom literally xoxo lumbersexual."], ["birth_date", "2016-06-12"], ["created_at", "2017-02-16 05:24:17.320348"], ["updated_at", "2017-02-16 05:24:17.320348"]]
  [1m[35m (0.4ms)[0m  COMMIT
  [1m[36m (0.2ms)[0m  [1mBEGIN[0m
  [1m[35mUser Exists (0.4ms)[0m  SELECT  1 AS one FROM "users" WHERE "users"."session_token" = 'Q9dJ0S67j8etvmUDz-pGuw' LIMIT 1
  [1m[36mUser Exists (0.3ms)[0m  [1mSELECT  1 AS one FROM "users" WHERE "users"."username" = 'Mrs. Randy Abernathy' LIMIT 1[0m
  [1m[35mSQL (0.4ms)[0m  INSERT INTO "users" ("username", "password_digest", "session_token", "created_at", "updated_at") VALUES ($1, $2, $3, $4, $5) RETURNING "id"  [["username", "Mrs. Randy Abernathy"], ["password_digest", "$2a$10$nx/RxKrndyUHzRTmM.ks/.KALJpVN2bBNYnCOvbGEmCnTiqG4No/u"], ["session_token", "Q9dJ0S67j8etvmUDz-pGuw"], ["created_at", "2017-02-16 05:24:17.398501"], ["updated_at", "2017-02-16 05:24:17.398501"]]
  [1m[36m (0.4ms)[0m  [1mCOMMIT[0m
  [1m[35m (0.1ms)[0m  BEGIN
  [1m[36mSQL (0.4ms)[0m  [1mINSERT INTO "cats" ("user_id", "name", "color", "sex", "description", "birth_date", "created_at", "updated_at") VALUES ($1, $2, $3, $4, $5, $6, $7, $8) RETURNING "id"[0m  [["user_id", 2], ["name", "organic"], ["color", "black"], ["sex", "M"], ["description", "Ugh williamsburg vhs vegan forage."], ["birth_date", "2010-10-20"], ["created_at", "2017-02-16 05:24:17.401379"], ["updated_at", "2017-02-16 05:24:17.401379"]]
  [1m[35m (0.4ms)[0m  COMMIT
  [1m[36m (0.2ms)[0m  [1mBEGIN[0m
  [1m[35mUser Exists (0.5ms)[0m  SELECT  1 AS one FROM "users" WHERE "users"."session_token" = 'dKZVJplmwnbsHdegi5AIlA' LIMIT 1
  [1m[36mUser Exists (0.3ms)[0m  [1mSELECT  1 AS one FROM "users" WHERE "users"."username" = 'Dr. Aditya Moore' LIMIT 1[0m
  [1m[35mSQL (0.3ms)[0m  INSERT INTO "users" ("username", "password_digest", "session_token", "created_at", "updated_at") VALUES ($1, $2, $3, $4, $5) RETURNING "id"  [["username", "Dr. Aditya Moore"], ["password_digest", "$2a$10$/fs70zbuDE4DZg6BmynE8uEr3Z6EmL1o89cBGnozimqM5i17sNXri"], ["session_token", "dKZVJplmwnbsHdegi5AIlA"], ["created_at", "2017-02-16 05:24:17.479333"], ["updated_at", "2017-02-16 05:24:17.479333"]]
  [1m[36m (0.4ms)[0m  [1mCOMMIT[0m
  [1m[35m (0.2ms)[0m  BEGIN
  [1m[36mSQL (0.3ms)[0m  [1mINSERT INTO "cats" ("user_id", "name", "color", "sex", "description", "birth_date", "created_at", "updated_at") VALUES ($1, $2, $3, $4, $5, $6, $7, $8) RETURNING "id"[0m  [["user_id", 3], ["name", "mlkshk"], ["color", "white"], ["sex", "M"], ["description", "Twee bicycle rights celiac banjo."], ["birth_date", "2011-06-19"], ["created_at", "2017-02-16 05:24:17.481932"], ["updated_at", "2017-02-16 05:24:17.481932"]]
  [1m[35m (0.4ms)[0m  COMMIT
  [1m[36m (0.2ms)[0m  [1mBEGIN[0m
  [1m[35mUser Exists (0.5ms)[0m  SELECT  1 AS one FROM "users" WHERE "users"."session_token" = '-DmwgP1r2i4k5AqIzkaDLw' LIMIT 1
  [1m[36mUser Exists (0.3ms)[0m  [1mSELECT  1 AS one FROM "users" WHERE "users"."username" = 'Lexi Beahan' LIMIT 1[0m
  [1m[35mSQL (0.4ms)[0m  INSERT INTO "users" ("username", "password_digest", "session_token", "created_at", "updated_at") VALUES ($1, $2, $3, $4, $5) RETURNING "id"  [["username", "Lexi Beahan"], ["password_digest", "$2a$10$t0mxGHU12QcKJ.DJcXO4TelTcL1.ID3kieEvQVZ4xZy.IE4ewev9W"], ["session_token", "-DmwgP1r2i4k5AqIzkaDLw"], ["created_at", "2017-02-16 05:24:17.559271"], ["updated_at", "2017-02-16 05:24:17.559271"]]
  [1m[36m (0.4ms)[0m  [1mCOMMIT[0m
  [1m[35m (0.2ms)[0m  BEGIN
  [1m[36mSQL (0.3ms)[0m  [1mINSERT INTO "cats" ("user_id", "name", "color", "sex", "description", "birth_date", "created_at", "updated_at") VALUES ($1, $2, $3, $4, $5, $6, $7, $8) RETURNING "id"[0m  [["user_id", 4], ["name", "crucifix"], ["color", "brown"], ["sex", "F"], ["description", "Chillwave echo cardigan banjo deep v leggings venmo portland."], ["birth_date", "2015-11-19"], ["created_at", "2017-02-16 05:24:17.562220"], ["updated_at", "2017-02-16 05:24:17.562220"]]
  [1m[35m (0.4ms)[0m  COMMIT
  [1m[36m (0.2ms)[0m  [1mBEGIN[0m
  [1m[35mUser Exists (0.4ms)[0m  SELECT  1 AS one FROM "users" WHERE "users"."session_token" = 'k3Fi_oKopQ_FtKmXmHmEWA' LIMIT 1
  [1m[36mUser Exists (0.4ms)[0m  [1mSELECT  1 AS one FROM "users" WHERE "users"."username" = 'Kali Marks' LIMIT 1[0m
  [1m[35mSQL (0.3ms)[0m  INSERT INTO "users" ("username", "password_digest", "session_token", "created_at", "updated_at") VALUES ($1, $2, $3, $4, $5) RETURNING "id"  [["username", "Kali Marks"], ["password_digest", "$2a$10$MUuhWXFbj1q1K62fkIzzGObd/G534kwgIPt6p7FQD3nrA.ysiwDvW"], ["session_token", "k3Fi_oKopQ_FtKmXmHmEWA"], ["created_at", "2017-02-16 05:24:17.638959"], ["updated_at", "2017-02-16 05:24:17.638959"]]
  [1m[36m (0.5ms)[0m  [1mCOMMIT[0m
  [1m[35m (0.2ms)[0m  BEGIN
  [1m[36mSQL (0.3ms)[0m  [1mINSERT INTO "cats" ("user_id", "name", "color", "sex", "description", "birth_date", "created_at", "updated_at") VALUES ($1, $2, $3, $4, $5, $6, $7, $8) RETURNING "id"[0m  [["user_id", 5], ["name", "retro"], ["color", "black"], ["sex", "M"], ["description", "Yolo disrupt venmo locavore plaid."], ["birth_date", "2013-11-21"], ["created_at", "2017-02-16 05:24:17.641704"], ["updated_at", "2017-02-16 05:24:17.641704"]]
  [1m[35m (0.4ms)[0m  COMMIT
  [1m[36m (0.2ms)[0m  [1mBEGIN[0m
  [1m[35mUser Exists (0.4ms)[0m  SELECT  1 AS one FROM "users" WHERE "users"."session_token" = 'PolaoVh4VxK-tCqmvNmu2Q' LIMIT 1
  [1m[36mUser Exists (0.4ms)[0m  [1mSELECT  1 AS one FROM "users" WHERE "users"."username" = 'Ashly Renner' LIMIT 1[0m
  [1m[35mSQL (0.3ms)[0m  INSERT INTO "users" ("username", "password_digest", "session_token", "created_at", "updated_at") VALUES ($1, $2, $3, $4, $5) RETURNING "id"  [["username", "Ashly Renner"], ["password_digest", "$2a$10$0Qsz0yXW9nvc8NoEhXi2bezumcUsfBXoo0PICJrfNDeN1paM04qmW"], ["session_token", "PolaoVh4VxK-tCqmvNmu2Q"], ["created_at", "2017-02-16 05:24:17.718031"], ["updated_at", "2017-02-16 05:24:17.718031"]]
  [1m[36m (0.4ms)[0m  [1mCOMMIT[0m
  [1m[35m (0.2ms)[0m  BEGIN
  [1m[36mSQL (0.4ms)[0m  [1mINSERT INTO "cats" ("user_id", "name", "color", "sex", "description", "birth_date", "created_at", "updated_at") VALUES ($1, $2, $3, $4, $5, $6, $7, $8) RETURNING "id"[0m  [["user_id", 6], ["name", "brunch"], ["color", "brown"], ["sex", "F"], ["description", "Typewriter migas celiac meditation stumptown neutra kogi."], ["birth_date", "2010-06-08"], ["created_at", "2017-02-16 05:24:17.720738"], ["updated_at", "2017-02-16 05:24:17.720738"]]
  [1m[35m (0.4ms)[0m  COMMIT
  [1m[36m (0.2ms)[0m  [1mBEGIN[0m
  [1m[35mUser Exists (0.4ms)[0m  SELECT  1 AS one FROM "users" WHERE "users"."session_token" = '3jWBUNlLG0A6yDwfLqrWvA' LIMIT 1
  [1m[36mUser Exists (0.4ms)[0m  [1mSELECT  1 AS one FROM "users" WHERE "users"."username" = 'Morton Kozey' LIMIT 1[0m
  [1m[35mSQL (0.3ms)[0m  INSERT INTO "users" ("username", "password_digest", "session_token", "created_at", "updated_at") VALUES ($1, $2, $3, $4, $5) RETURNING "id"  [["username", "Morton Kozey"], ["password_digest", "$2a$10$57/ui9whcx22VUPH1QRHb.UOEs.91FcgudGtFMyTqswP.ATa9o/rG"], ["session_token", "3jWBUNlLG0A6yDwfLqrWvA"], ["created_at", "2017-02-16 05:24:17.796986"], ["updated_at", "2017-02-16 05:24:17.796986"]]
  [1m[36m (0.4ms)[0m  [1mCOMMIT[0m
  [1m[35m (0.2ms)[0m  BEGIN
  [1m[36mSQL (0.2ms)[0m  [1mINSERT INTO "cats" ("user_id", "name", "color", "sex", "description", "birth_date", "created_at", "updated_at") VALUES ($1, $2, $3, $4, $5, $6, $7, $8) RETURNING "id"[0m  [["user_id", 7], ["name", "banjo"], ["color", "black"], ["sex", "F"], ["description", "Ugh master 3 wolf moon chartreuse seitan tumblr pinterest."], ["birth_date", "2007-04-30"], ["created_at", "2017-02-16 05:24:17.799594"], ["updated_at", "2017-02-16 05:24:17.799594"]]
  [1m[35m (0.4ms)[0m  COMMIT
  [1m[36m (0.2ms)[0m  [1mBEGIN[0m
  [1m[35mUser Exists (0.4ms)[0m  SELECT  1 AS one FROM "users" WHERE "users"."session_token" = '7ufgpmDhaNuQN4iE3d333w' LIMIT 1
  [1m[36mUser Exists (0.4ms)[0m  [1mSELECT  1 AS one FROM "users" WHERE "users"."username" = 'Dr. Jennifer Green' LIMIT 1[0m
  [1m[35mSQL (0.3ms)[0m  INSERT INTO "users" ("username", "password_digest", "session_token", "created_at", "updated_at") VALUES ($1, $2, $3, $4, $5) RETURNING "id"  [["username", "Dr. Jennifer Green"], ["password_digest", "$2a$10$.DwRw9gaSqjCUKF15yB/m.iyNVw8zEeXlXohh/l6M0d0pVT9rbw5W"], ["session_token", "7ufgpmDhaNuQN4iE3d333w"], ["created_at", "2017-02-16 05:24:17.878712"], ["updated_at", "2017-02-16 05:24:17.878712"]]
  [1m[36m (0.5ms)[0m  [1mCOMMIT[0m
  [1m[35m (0.1ms)[0m  BEGIN
  [1m[36mSQL (0.3ms)[0m  [1mINSERT INTO "cats" ("user_id", "name", "color", "sex", "description", "birth_date", "created_at", "updated_at") VALUES ($1, $2, $3, $4, $5, $6, $7, $8) RETURNING "id"[0m  [["user_id", 8], ["name", "lo-fi"], ["color", "orange"], ["sex", "M"], ["description", "Crucifix brooklyn poutine echo forage food truck."], ["birth_date", "2015-09-16"], ["created_at", "2017-02-16 05:24:17.881396"], ["updated_at", "2017-02-16 05:24:17.881396"]]
  [1m[35m (0.4ms)[0m  COMMIT
  [1m[36m (0.2ms)[0m  [1mBEGIN[0m
  [1m[35mUser Exists (0.5ms)[0m  SELECT  1 AS one FROM "users" WHERE "users"."session_token" = 'ToZjhIFqhSoW1PGnndBxSw' LIMIT 1
  [1m[36mUser Exists (0.3ms)[0m  [1mSELECT  1 AS one FROM "users" WHERE "users"."username" = 'Larry Moore DDS' LIMIT 1[0m
  [1m[35mSQL (0.3ms)[0m  INSERT INTO "users" ("username", "password_digest", "session_token", "created_at", "updated_at") VALUES ($1, $2, $3, $4, $5) RETURNING "id"  [["username", "Larry Moore DDS"], ["password_digest", "$2a$10$qdV1C3i/dbadB1vih/9fpOiFYBITRuA/1/cHNIQWa5uGeR0MvfHKm"], ["session_token", "ToZjhIFqhSoW1PGnndBxSw"], ["created_at", "2017-02-16 05:24:17.957966"], ["updated_at", "2017-02-16 05:24:17.957966"]]
  [1m[36m (0.4ms)[0m  [1mCOMMIT[0m
  [1m[35m (0.1ms)[0m  BEGIN
  [1m[36mSQL (0.2ms)[0m  [1mINSERT INTO "cats" ("user_id", "name", "color", "sex", "description", "birth_date", "created_at", "updated_at") VALUES ($1, $2, $3, $4, $5, $6, $7, $8) RETURNING "id"[0m  [["user_id", 9], ["name", "slow-carb"], ["color", "brown"], ["sex", "F"], ["description", "Sartorial cred semiotics direct trade bicycle rights franzen gluten-free."], ["birth_date", "2011-02-17"], ["created_at", "2017-02-16 05:24:17.960614"], ["updated_at", "2017-02-16 05:24:17.960614"]]
  [1m[35m (0.4ms)[0m  COMMIT
  [1m[36m (0.2ms)[0m  [1mBEGIN[0m
  [1m[35mUser Exists (0.4ms)[0m  SELECT  1 AS one FROM "users" WHERE "users"."session_token" = 'vD6JFtQ2CGRAi272NgoEbQ' LIMIT 1
  [1m[36mUser Exists (0.4ms)[0m  [1mSELECT  1 AS one FROM "users" WHERE "users"."username" = 'Elda Bosco' LIMIT 1[0m
  [1m[35mSQL (0.3ms)[0m  INSERT INTO "users" ("username", "password_digest", "session_token", "created_at", "updated_at") VALUES ($1, $2, $3, $4, $5) RETURNING "id"  [["username", "Elda Bosco"], ["password_digest", "$2a$10$sNJ4UX2c.Z99xwYrEmvEf.QOn3ClqjOxTNG4AxIzTKRiScJ/aaUIG"], ["session_token", "vD6JFtQ2CGRAi272NgoEbQ"], ["created_at", "2017-02-16 05:24:18.036746"], ["updated_at", "2017-02-16 05:24:18.036746"]]
  [1m[36m (1.1ms)[0m  [1mCOMMIT[0m
  [1m[35m (0.1ms)[0m  BEGIN
  [1m[36mSQL (0.3ms)[0m  [1mINSERT INTO "cats" ("user_id", "name", "color", "sex", "description", "birth_date", "created_at", "updated_at") VALUES ($1, $2, $3, $4, $5, $6, $7, $8) RETURNING "id"[0m  [["user_id", 10], ["name", "semiotics"], ["color", "black"], ["sex", "M"], ["description", "Next level kinfolk pop-up mustache offal."], ["birth_date", "2007-04-23"], ["created_at", "2017-02-16 05:24:18.040218"], ["updated_at", "2017-02-16 05:24:18.040218"]]
  [1m[35m (0.4ms)[0m  COMMIT
  [1m[36mActiveRecord::SchemaMigration Load (1.1ms)[0m  [1mSELECT "schema_migrations".* FROM "schema_migrations"[0m
  [1m[35mActiveRecord::SchemaMigration Load (0.4ms)[0m  SELECT "schema_migrations".* FROM "schema_migrations"
  [1m[36m (4.9ms)[0m  [1mSELECT t2.oid::regclass::text AS to_table, a1.attname AS column, a2.attname AS primary_key, c.conname AS name, c.confupdtype AS on_update, c.confdeltype AS on_delete
FROM pg_constraint c
JOIN pg_class t1 ON c.conrelid = t1.oid
JOIN pg_class t2 ON c.confrelid = t2.oid
JOIN pg_attribute a1 ON a1.attnum = c.conkey[1] AND a1.attrelid = t1.oid
JOIN pg_attribute a2 ON a2.attnum = c.confkey[1] AND a2.attrelid = t2.oid
JOIN pg_namespace t3 ON c.connamespace = t3.oid
WHERE c.contype = 'f'
  AND t1.relname = 'cat_rental_requests'
  AND t3.nspname = ANY (current_schemas(false))
ORDER BY c.conname
[0m
  [1m[35m (3.4ms)[0m  SELECT t2.oid::regclass::text AS to_table, a1.attname AS column, a2.attname AS primary_key, c.conname AS name, c.confupdtype AS on_update, c.confdeltype AS on_delete
FROM pg_constraint c
JOIN pg_class t1 ON c.conrelid = t1.oid
JOIN pg_class t2 ON c.confrelid = t2.oid
JOIN pg_attribute a1 ON a1.attnum = c.conkey[1] AND a1.attrelid = t1.oid
JOIN pg_attribute a2 ON a2.attnum = c.confkey[1] AND a2.attrelid = t2.oid
JOIN pg_namespace t3 ON c.connamespace = t3.oid
WHERE c.contype = 'f'
  AND t1.relname = 'cats'
  AND t3.nspname = ANY (current_schemas(false))
ORDER BY c.conname

  [1m[36m (3.5ms)[0m  [1mSELECT t2.oid::regclass::text AS to_table, a1.attname AS column, a2.attname AS primary_key, c.conname AS name, c.confupdtype AS on_update, c.confdeltype AS on_delete
FROM pg_constraint c
JOIN pg_class t1 ON c.conrelid = t1.oid
JOIN pg_class t2 ON c.confrelid = t2.oid
JOIN pg_attribute a1 ON a1.attnum = c.conkey[1] AND a1.attrelid = t1.oid
JOIN pg_attribute a2 ON a2.attnum = c.confkey[1] AND a2.attrelid = t2.oid
JOIN pg_namespace t3 ON c.connamespace = t3.oid
WHERE c.contype = 'f'
  AND t1.relname = 'users'
  AND t3.nspname = ANY (current_schemas(false))
ORDER BY c.conname
[0m
DEPRECATION WARNING: You didn't set `secret_key_base`. Read the upgrade documentation to learn more about this new config option. (called from service at /Users/kyumin133/.rvm/rubies/ruby-2.3.3/lib/ruby/2.3.0/webrick/httpserver.rb:140)


Started GET "/cats" for ::1 at 2017-02-15 21:24:51 -0800
  [1m[36mActiveRecord::SchemaMigration Load (0.7ms)[0m  [1mSELECT "schema_migrations".* FROM "schema_migrations"[0m
Processing by CatsController#index as HTML
  [1m[35mCat Load (1.6ms)[0m  SELECT "cats".* FROM "cats"
  Rendered cats/index.html.erb within layouts/application (21.9ms)
Completed 200 OK in 96ms (Views: 72.1ms | ActiveRecord: 6.7ms)


Started GET "/assets/application.css?body=1" for ::1 at 2017-02-15 21:24:51 -0800


Started GET "/cats" for ::1 at 2017-02-15 21:28:02 -0800
Processing by CatsController#index as HTML
  [1m[36mCat Load (0.8ms)[0m  [1mSELECT "cats".* FROM "cats"[0m
  Rendered cats/index.html.erb within layouts/application (18.7ms)
Completed 200 OK in 32ms (Views: 22.3ms | ActiveRecord: 5.2ms)


Started GET "/assets/application.css?body=1" for ::1 at 2017-02-15 21:28:02 -0800


Started GET "/cats/1" for ::1 at 2017-02-15 21:28:04 -0800
Processing by CatsController#show as HTML
  Parameters: {"id"=>"1"}
  [1m[35mCat Load (1.0ms)[0m  SELECT  "cats".* FROM "cats" WHERE "cats"."id" = $1 LIMIT 1  [["id", 1]]
  [1m[36mUser Load (0.8ms)[0m  [1mSELECT  "users".* FROM "users" WHERE "users"."id" = $1 LIMIT 1[0m  [["id", 1]]
  [1m[35mCatRentalRequest Exists (2.0ms)[0m  SELECT  1 AS one FROM "cat_rental_requests" WHERE "cat_rental_requests"."cat_id" = $1 LIMIT 1  [["cat_id", 1]]
  Rendered cats/show.html.erb within layouts/application (476.4ms)
Completed 200 OK in 500ms (Views: 475.8ms | ActiveRecord: 8.2ms)


Started GET "/assets/application.css?body=1" for ::1 at 2017-02-15 21:28:05 -0800


Started GET "/cats/1" for ::1 at 2017-02-15 21:28:09 -0800
Processing by CatsController#show as HTML
  Parameters: {"id"=>"1"}
  [1m[36mCat Load (0.7ms)[0m  [1mSELECT  "cats".* FROM "cats" WHERE "cats"."id" = $1 LIMIT 1[0m  [["id", 1]]
  [1m[35mUser Load (0.6ms)[0m  SELECT  "users".* FROM "users" WHERE "users"."id" = $1 LIMIT 1  [["id", 1]]
  [1m[36mCatRentalRequest Exists (0.4ms)[0m  [1mSELECT  1 AS one FROM "cat_rental_requests" WHERE "cat_rental_requests"."cat_id" = $1 LIMIT 1[0m  [["cat_id", 1]]
  Rendered cats/show.html.erb within layouts/application (4.1ms)
Completed 200 OK in 12ms (Views: 7.3ms | ActiveRecord: 1.7ms)


Started GET "/assets/application.css?body=1" for ::1 at 2017-02-15 21:28:09 -0800


Started GET "/users/new" for ::1 at 2017-02-15 21:28:12 -0800
Processing by UsersController#new as HTML
  Rendered shared/_errors.html.erb (1.0ms)
  Rendered users/new.html.erb within layouts/application (6.8ms)
Completed 200 OK in 17ms (Views: 15.6ms | ActiveRecord: 0.0ms)


Started GET "/assets/application.css?body=1" for ::1 at 2017-02-15 21:28:12 -0800


Started POST "/users" for ::1 at 2017-02-15 21:28:16 -0800
Processing by UsersController#create as HTML
  Parameters: {"authenticity_token"=>"d1z+oDMc5j5o/TzF2SE1pGFz5b8NTz6b0ByGy51qdpJJS4dHPyVBRMV5iXpw2zEbdgfn6mTjsx3sJhr16+oZag==", "user"=>{"username"=>"ken", "password"=>"[FILTERED]"}}
  [1m[35m (0.4ms)[0m  BEGIN
  [1m[36mUser Exists (1.2ms)[0m  [1mSELECT  1 AS one FROM "users" WHERE "users"."session_token" = 'ReL6cOCt5YcEpWY-P3NBWw' LIMIT 1[0m
  [1m[35mUser Exists (0.6ms)[0m  SELECT  1 AS one FROM "users" WHERE "users"."username" = 'ken' LIMIT 1
  [1m[36m (0.5ms)[0m  [1mROLLBACK[0m
  Rendered shared/_errors.html.erb (0.2ms)
  Rendered users/new.html.erb within layouts/application (1.9ms)
Completed 200 OK in 94ms (Views: 5.7ms | ActiveRecord: 2.7ms)


Started GET "/assets/application.css?body=1" for ::1 at 2017-02-15 21:28:16 -0800


Started POST "/users" for ::1 at 2017-02-15 21:28:24 -0800
Processing by UsersController#create as HTML
  Parameters: {"authenticity_token"=>"NvBawJY5GRyJASJD2/z+1nGfYW03rhLiXA+Izx7HcwgI5yMnmgC+ZiSFl/xyBvppZutjOF4Cn2RgNRTxaEcc8A==", "user"=>{"username"=>"aaaaaa", "password"=>"[FILTERED]"}}
  [1m[35m (0.9ms)[0m  BEGIN
  [1m[36mUser Exists (0.5ms)[0m  [1mSELECT  1 AS one FROM "users" WHERE "users"."session_token" = 'zE4zltJndALsFFEvyXMReg' LIMIT 1[0m
  [1m[35mUser Exists (0.5ms)[0m  SELECT  1 AS one FROM "users" WHERE "users"."username" = 'aaaaaa' LIMIT 1
  [1m[36mSQL (0.7ms)[0m  [1mINSERT INTO "users" ("password_digest", "username", "session_token", "created_at", "updated_at") VALUES ($1, $2, $3, $4, $5) RETURNING "id"[0m  [["password_digest", "$2a$10$WVUpqz/fy.aJvDrBGu68uuXbwXiqtMOppz1zmG.xoqDwFnSREdxNy"], ["username", "aaaaaa"], ["session_token", "zE4zltJndALsFFEvyXMReg"], ["created_at", "2017-02-16 05:28:24.205046"], ["updated_at", "2017-02-16 05:28:24.205046"]]
  [1m[35m (0.5ms)[0m  COMMIT
  [1m[36m (0.3ms)[0m  [1mBEGIN[0m
  [1m[35mUser Exists (0.8ms)[0m  SELECT  1 AS one FROM "users" WHERE ("users"."session_token" = '4TzEylQ5NJtZK5yKYRi0kA' AND "users"."id" != 11) LIMIT 1
  [1m[36mUser Exists (0.5ms)[0m  [1mSELECT  1 AS one FROM "users" WHERE ("users"."username" = 'aaaaaa' AND "users"."id" != 11) LIMIT 1[0m
  [1m[35mSQL (0.9ms)[0m  UPDATE "users" SET "session_token" = $1, "updated_at" = $2 WHERE "users"."id" = $3  [["session_token", "4TzEylQ5NJtZK5yKYRi0kA"], ["updated_at", "2017-02-16 05:28:24.212517"], ["id", 11]]
  [1m[36m (0.6ms)[0m  [1mCOMMIT[0m
Redirected to http://localhost:3000/cats
Completed 302 Found in 93ms (ActiveRecord: 6.1ms)


Started GET "/cats" for ::1 at 2017-02-15 21:28:24 -0800
Processing by CatsController#index as HTML
  [1m[35mCat Load (0.6ms)[0m  SELECT "cats".* FROM "cats"
  Rendered cats/index.html.erb within layouts/application (2.5ms)
  [1m[36mUser Load (0.4ms)[0m  [1mSELECT  "users".* FROM "users" WHERE "users"."session_token" = $1 LIMIT 1[0m  [["session_token", "4TzEylQ5NJtZK5yKYRi0kA"]]
Completed 200 OK in 10ms (Views: 8.6ms | ActiveRecord: 1.0ms)


Started GET "/assets/application.css?body=1" for ::1 at 2017-02-15 21:28:24 -0800


Started GET "/cats/1" for ::1 at 2017-02-15 21:28:28 -0800
Processing by CatsController#show as HTML
  Parameters: {"id"=>"1"}
  [1m[35mCat Load (1.6ms)[0m  SELECT  "cats".* FROM "cats" WHERE "cats"."id" = $1 LIMIT 1  [["id", 1]]
  [1m[36mUser Load (0.6ms)[0m  [1mSELECT  "users".* FROM "users" WHERE "users"."id" = $1 LIMIT 1[0m  [["id", 1]]
  [1m[35mUser Load (0.5ms)[0m  SELECT  "users".* FROM "users" WHERE "users"."session_token" = $1 LIMIT 1  [["session_token", "4TzEylQ5NJtZK5yKYRi0kA"]]
  [1m[36mCatRentalRequest Exists (0.6ms)[0m  [1mSELECT  1 AS one FROM "cat_rental_requests" WHERE "cat_rental_requests"."cat_id" = $1 LIMIT 1[0m  [["cat_id", 1]]
  Rendered cats/show.html.erb within layouts/application (5.3ms)
Completed 200 OK in 14ms (Views: 8.4ms | ActiveRecord: 3.3ms)


Started GET "/assets/application.css?body=1" for ::1 at 2017-02-15 21:28:28 -0800


Started GET "/cat_rental_requests/new" for ::1 at 2017-02-15 21:28:30 -0800
Processing by CatRentalRequestsController#new as HTML
  Rendered shared/_errors.html.erb (0.4ms)
  [1m[35mCat Load (0.6ms)[0m  SELECT "cats".* FROM "cats"
  Rendered cat_rental_requests/new.html.erb within layouts/application (5.4ms)
  [1m[36mUser Load (0.6ms)[0m  [1mSELECT  "users".* FROM "users" WHERE "users"."session_token" = $1 LIMIT 1[0m  [["session_token", "4TzEylQ5NJtZK5yKYRi0kA"]]
Completed 200 OK in 24ms (Views: 13.4ms | ActiveRecord: 2.8ms)


Started GET "/assets/application.css?body=1" for ::1 at 2017-02-15 21:28:30 -0800


Started POST "/cat_rental_requests" for ::1 at 2017-02-15 21:28:39 -0800
Processing by CatRentalRequestsController#create as HTML
  Parameters: {"authenticity_token"=>"RfgULAtxS7W/WQGYsCIqHr1S4PURfP1Z/Us/EEzF0HV7723LB0jszxLdtCcZ2C6hqibioHjQcN/BcaMuOkW/jQ==", "cat_rental_request"=>{"cat_id"=>"1", "start_date"=>"2017-02-15", "end_date"=>"2017-02-16"}}
  [1m[35mUser Load (0.5ms)[0m  SELECT  "users".* FROM "users" WHERE "users"."session_token" = $1 LIMIT 1  [["session_token", "4TzEylQ5NJtZK5yKYRi0kA"]]
  [1m[36m (0.3ms)[0m  [1mBEGIN[0m
  [1m[35m (0.7ms)[0m  SELECT COUNT(*) FROM "cat_rental_requests" WHERE ("cat_rental_requests"."id" IS NOT NULL) AND "cat_rental_requests"."cat_id" = $1 AND (         NOT( (start_date > '2017-02-16') OR (end_date < '2017-02-15') )
) AND (status = 'APPROVED')  [["cat_id", 1]]
  [1m[36mSQL (0.8ms)[0m  [1mINSERT INTO "cat_rental_requests" ("cat_id", "end_date", "start_date", "status", "user_id", "created_at", "updated_at") VALUES ($1, $2, $3, $4, $5, $6, $7) RETURNING "id"[0m  [["cat_id", 1], ["end_date", "2017-02-16"], ["start_date", "2017-02-15"], ["status", "PENDING"], ["user_id", 11], ["created_at", "2017-02-16 05:28:39.278788"], ["updated_at", "2017-02-16 05:28:39.278788"]]
  [1m[35m (1.3ms)[0m  COMMIT
  [1m[36mCat Load (0.5ms)[0m  [1mSELECT  "cats".* FROM "cats" WHERE "cats"."id" = $1 LIMIT 1[0m  [["id", 1]]
Redirected to http://localhost:3000/cats/1
Completed 302 Found in 18ms (ActiveRecord: 4.0ms)


Started GET "/cats/1" for ::1 at 2017-02-15 21:28:39 -0800
Processing by CatsController#show as HTML
  Parameters: {"id"=>"1"}
  [1m[35mCat Load (0.5ms)[0m  SELECT  "cats".* FROM "cats" WHERE "cats"."id" = $1 LIMIT 1  [["id", 1]]
  [1m[36mUser Load (0.6ms)[0m  [1mSELECT  "users".* FROM "users" WHERE "users"."id" = $1 LIMIT 1[0m  [["id", 1]]
  [1m[35mUser Load (0.5ms)[0m  SELECT  "users".* FROM "users" WHERE "users"."session_token" = $1 LIMIT 1  [["session_token", "4TzEylQ5NJtZK5yKYRi0kA"]]
  [1m[36mCatRentalRequest Exists (0.4ms)[0m  [1mSELECT  1 AS one FROM "cat_rental_requests" WHERE "cat_rental_requests"."cat_id" = $1 LIMIT 1[0m  [["cat_id", 1]]
  [1m[35mCatRentalRequest Load (1.0ms)[0m  SELECT "cat_rental_requests".* FROM "cat_rental_requests" WHERE "cat_rental_requests"."cat_id" = $1  ORDER BY start_date  [["cat_id", 1]]
  [1m[36mUser Load (0.5ms)[0m  [1mSELECT  "users".* FROM "users" WHERE "users"."id" = $1 LIMIT 1[0m  [["id", 11]]
  Rendered cats/_req_tr.html.erb (4.3ms)
  Rendered cats/show.html.erb within layouts/application (14.5ms)
Completed 200 OK in 20ms (Views: 15.6ms | ActiveRecord: 3.5ms)


Started GET "/assets/application.css?body=1" for ::1 at 2017-02-15 21:28:39 -0800


Started GET "/cats/1" for ::1 at 2017-02-15 21:30:25 -0800
Processing by CatsController#show as HTML
  Parameters: {"id"=>"1"}
  [1m[35mCat Load (4.2ms)[0m  SELECT  "cats".* FROM "cats" WHERE "cats"."id" = $1 LIMIT 1  [["id", 1]]
  [1m[36mUser Load (0.6ms)[0m  [1mSELECT  "users".* FROM "users" WHERE "users"."id" = $1 LIMIT 1[0m  [["id", 1]]
  [1m[35mUser Load (0.4ms)[0m  SELECT  "users".* FROM "users" WHERE "users"."session_token" = $1 LIMIT 1  [["session_token", "4TzEylQ5NJtZK5yKYRi0kA"]]
  [1m[36mCatRentalRequest Exists (0.4ms)[0m  [1mSELECT  1 AS one FROM "cat_rental_requests" WHERE "cat_rental_requests"."cat_id" = $1 LIMIT 1[0m  [["cat_id", 1]]
  [1m[35mCatRentalRequest Load (0.4ms)[0m  SELECT "cat_rental_requests".* FROM "cat_rental_requests" WHERE "cat_rental_requests"."cat_id" = $1  ORDER BY start_date  [["cat_id", 1]]
  [1m[36mUser Load (0.4ms)[0m  [1mSELECT  "users".* FROM "users" WHERE "users"."id" = $1 LIMIT 1[0m  [["id", 11]]
  Rendered cats/_req_tr.html.erb (1.4ms)
  Rendered cats/show.html.erb within layouts/application (8.6ms)
Completed 200 OK in 27ms (Views: 13.7ms | ActiveRecord: 6.5ms)


Started GET "/assets/application.css?body=1" for ::1 at 2017-02-15 21:30:25 -0800


Started GET "/cat_rental_requests/new" for ::1 at 2017-02-15 21:30:46 -0800
Processing by CatRentalRequestsController#new as HTML
  Rendered shared/_errors.html.erb (0.3ms)
  [1m[35mCat Load (0.6ms)[0m  SELECT "cats".* FROM "cats"
  Rendered cat_rental_requests/new.html.erb within layouts/application (5.4ms)
  [1m[36mUser Load (0.4ms)[0m  [1mSELECT  "users".* FROM "users" WHERE "users"."session_token" = $1 LIMIT 1[0m  [["session_token", "4TzEylQ5NJtZK5yKYRi0kA"]]
Completed 200 OK in 16ms (Views: 13.3ms | ActiveRecord: 1.0ms)


Started GET "/assets/application.css?body=1" for ::1 at 2017-02-15 21:30:46 -0800


Started GET "/cats/1" for ::1 at 2017-02-15 21:31:25 -0800
Processing by CatsController#show as HTML
  Parameters: {"id"=>"1"}
  [1m[35mCat Load (0.5ms)[0m  SELECT  "cats".* FROM "cats" WHERE "cats"."id" = $1 LIMIT 1  [["id", 1]]
  [1m[36mUser Load (0.6ms)[0m  [1mSELECT  "users".* FROM "users" WHERE "users"."id" = $1 LIMIT 1[0m  [["id", 1]]
  [1m[35mUser Load (0.6ms)[0m  SELECT  "users".* FROM "users" WHERE "users"."session_token" = $1 LIMIT 1  [["session_token", "4TzEylQ5NJtZK5yKYRi0kA"]]
  [1m[36mCatRentalRequest Exists (1.6ms)[0m  [1mSELECT  1 AS one FROM "cat_rental_requests" WHERE "cat_rental_requests"."cat_id" = $1 LIMIT 1[0m  [["cat_id", 1]]
  [1m[35mCatRentalRequest Load (1.7ms)[0m  SELECT "cat_rental_requests".* FROM "cat_rental_requests" WHERE "cat_rental_requests"."cat_id" = $1  ORDER BY start_date  [["cat_id", 1]]
  [1m[36mUser Load (0.5ms)[0m  [1mSELECT  "users".* FROM "users" WHERE "users"."id" = $1 LIMIT 1[0m  [["id", 11]]
  Rendered cats/_req_tr.html.erb (1.7ms)
  Rendered cats/show.html.erb within layouts/application (16.4ms)
Completed 200 OK in 27ms (Views: 18.7ms | ActiveRecord: 5.4ms)


Started GET "/assets/application.css?body=1" for ::1 at 2017-02-15 21:31:26 -0800


Started GET "/cats/5" for ::1 at 2017-02-15 21:31:32 -0800
Processing by CatsController#show as HTML
  Parameters: {"id"=>"5"}
  [1m[35mCat Load (2.1ms)[0m  SELECT  "cats".* FROM "cats" WHERE "cats"."id" = $1 LIMIT 1  [["id", 5]]
  [1m[36mUser Load (0.6ms)[0m  [1mSELECT  "users".* FROM "users" WHERE "users"."id" = $1 LIMIT 1[0m  [["id", 5]]
  [1m[35mUser Load (0.3ms)[0m  SELECT  "users".* FROM "users" WHERE "users"."session_token" = $1 LIMIT 1  [["session_token", "4TzEylQ5NJtZK5yKYRi0kA"]]
  [1m[36mCatRentalRequest Exists (0.3ms)[0m  [1mSELECT  1 AS one FROM "cat_rental_requests" WHERE "cat_rental_requests"."cat_id" = $1 LIMIT 1[0m  [["cat_id", 5]]
  Rendered cats/show.html.erb within layouts/application (5.5ms)
Completed 200 OK in 19ms (Views: 13.3ms | ActiveRecord: 3.2ms)


Started GET "/assets/application.css?body=1" for ::1 at 2017-02-15 21:31:32 -0800


Started GET "/cats" for ::1 at 2017-02-15 21:31:50 -0800
Processing by CatsController#index as HTML
  [1m[35mCat Load (0.6ms)[0m  SELECT "cats".* FROM "cats"
  Rendered cats/index.html.erb within layouts/application (5.7ms)
  [1m[36mUser Load (0.7ms)[0m  [1mSELECT  "users".* FROM "users" WHERE "users"."session_token" = $1 LIMIT 1[0m  [["session_token", "4TzEylQ5NJtZK5yKYRi0kA"]]
Completed 200 OK in 21ms (Views: 18.1ms | ActiveRecord: 1.3ms)


Started GET "/assets/application.css?body=1" for ::1 at 2017-02-15 21:31:50 -0800


Started GET "/cats" for ::1 at 2017-02-15 21:31:51 -0800
Processing by CatsController#index as HTML
  [1m[35mCat Load (0.6ms)[0m  SELECT "cats".* FROM "cats"
  Rendered cats/index.html.erb within layouts/application (3.0ms)
  [1m[36mUser Load (0.7ms)[0m  [1mSELECT  "users".* FROM "users" WHERE "users"."session_token" = $1 LIMIT 1[0m  [["session_token", "4TzEylQ5NJtZK5yKYRi0kA"]]
Completed 200 OK in 13ms (Views: 10.9ms | ActiveRecord: 1.3ms)


Started GET "/assets/application.css?body=1" for ::1 at 2017-02-15 21:31:51 -0800


Started GET "/cats/10" for ::1 at 2017-02-15 21:32:08 -0800
Processing by CatsController#show as HTML
  Parameters: {"id"=>"10"}
  [1m[35mCat Load (1.6ms)[0m  SELECT  "cats".* FROM "cats" WHERE "cats"."id" = $1 LIMIT 1  [["id", 10]]
  [1m[36mUser Load (1.0ms)[0m  [1mSELECT  "users".* FROM "users" WHERE "users"."id" = $1 LIMIT 1[0m  [["id", 10]]
  [1m[35mUser Load (0.6ms)[0m  SELECT  "users".* FROM "users" WHERE "users"."session_token" = $1 LIMIT 1  [["session_token", "4TzEylQ5NJtZK5yKYRi0kA"]]
  [1m[36mCatRentalRequest Exists (0.7ms)[0m  [1mSELECT  1 AS one FROM "cat_rental_requests" WHERE "cat_rental_requests"."cat_id" = $1 LIMIT 1[0m  [["cat_id", 10]]
  Rendered cats/show.html.erb within layouts/application (12.4ms)
Completed 200 OK in 23ms (Views: 16.9ms | ActiveRecord: 3.8ms)


Started GET "/assets/application.css?body=1" for ::1 at 2017-02-15 21:32:08 -0800


Started DELETE "/session" for ::1 at 2017-02-15 21:32:19 -0800
Processing by SessionsController#destroy as HTML
  Parameters: {"authenticity_token"=>"nqneZmDM9k7vMhyfl8l11LCS5uzZce8CbvKmW7DJzOygvqeBbPVRNEK2qSA+M3Frp+bkubDdYoRSyDplxkmjFA=="}
  [1m[35mUser Load (0.4ms)[0m  SELECT  "users".* FROM "users" WHERE "users"."session_token" = $1 LIMIT 1  [["session_token", "4TzEylQ5NJtZK5yKYRi0kA"]]
  [1m[36m (0.5ms)[0m  [1mBEGIN[0m
  [1m[35mUser Exists (0.6ms)[0m  SELECT  1 AS one FROM "users" WHERE ("users"."session_token" = 'fpb7Vogl5gcIN19yV1Ah4w' AND "users"."id" != 11) LIMIT 1
  [1m[36mUser Exists (0.6ms)[0m  [1mSELECT  1 AS one FROM "users" WHERE ("users"."username" = 'aaaaaa' AND "users"."id" != 11) LIMIT 1[0m
  [1m[35mSQL (0.5ms)[0m  UPDATE "users" SET "session_token" = $1, "updated_at" = $2 WHERE "users"."id" = $3  [["session_token", "fpb7Vogl5gcIN19yV1Ah4w"], ["updated_at", "2017-02-16 05:32:19.889607"], ["id", 11]]
  [1m[36m (0.5ms)[0m  [1mCOMMIT[0m
Redirected to http://localhost:3000/session/new
Completed 302 Found in 11ms (ActiveRecord: 3.1ms)


Started GET "/session/new" for ::1 at 2017-02-15 21:32:19 -0800
Processing by SessionsController#new as HTML
  Rendered shared/_errors.html.erb (0.2ms)
  Rendered sessions/new.html.erb within layouts/application (2.9ms)
Completed 200 OK in 11ms (Views: 10.9ms | ActiveRecord: 0.0ms)


Started GET "/assets/application.css?body=1" for ::1 at 2017-02-15 21:32:19 -0800


Started GET "/users/new" for ::1 at 2017-02-15 21:32:35 -0800
Processing by UsersController#new as HTML
  Rendered shared/_errors.html.erb (0.2ms)
  Rendered users/new.html.erb within layouts/application (3.6ms)
Completed 200 OK in 11ms (Views: 9.6ms | ActiveRecord: 0.0ms)


Started GET "/assets/application.css?body=1" for ::1 at 2017-02-15 21:32:35 -0800


Started GET "/cats" for ::1 at 2017-02-15 21:32:37 -0800
Processing by CatsController#index as HTML
  [1m[35mCat Load (1.5ms)[0m  SELECT "cats".* FROM "cats"
  Rendered cats/index.html.erb within layouts/application (4.2ms)
Completed 200 OK in 10ms (Views: 7.8ms | ActiveRecord: 1.5ms)


Started GET "/assets/application.css?body=1" for ::1 at 2017-02-15 21:32:37 -0800


Started GET "/users/new" for ::1 at 2017-02-15 21:39:38 -0800
Processing by UsersController#new as HTML
  Rendered shared/_errors.html.erb (0.2ms)
  Rendered users/new.html.erb within layouts/application (2.3ms)
Completed 200 OK in 19ms (Views: 10.0ms | ActiveRecord: 3.0ms)


Started GET "/assets/application.css?body=1" for ::1 at 2017-02-15 21:39:38 -0800


Started POST "/users" for ::1 at 2017-02-15 21:39:43 -0800
Processing by UsersController#create as HTML
  Parameters: {"authenticity_token"=>"4jHJs68Xkf717REB0IGBvAaM9Wy0s0HHuKjDH85vkVPcJrBUoy42hFhppL55e4UDEfj3Od0fzEGEkl8huO/+qw==", "user"=>{"username"=>"bbbbbb", "password"=>"[FILTERED]"}}
  [1m[36m (0.3ms)[0m  [1mBEGIN[0m
  [1m[35mUser Exists (0.6ms)[0m  SELECT  1 AS one FROM "users" WHERE "users"."session_token" = 'SbiCEqxProzjfcii1r0aPQ' LIMIT 1
  [1m[36mUser Exists (0.5ms)[0m  [1mSELECT  1 AS one FROM "users" WHERE "users"."username" = 'bbbbbb' LIMIT 1[0m
  [1m[35mSQL (0.4ms)[0m  INSERT INTO "users" ("password_digest", "username", "session_token", "created_at", "updated_at") VALUES ($1, $2, $3, $4, $5) RETURNING "id"  [["password_digest", "$2a$10$X1mMn/NOGtQw5oWJUtATzuL48XC1VVre/pVKRpgEb2V.LZhSrPZGi"], ["username", "bbbbbb"], ["session_token", "SbiCEqxProzjfcii1r0aPQ"], ["created_at", "2017-02-16 05:39:43.734091"], ["updated_at", "2017-02-16 05:39:43.734091"]]
  [1m[36m (0.4ms)[0m  [1mCOMMIT[0m
  [1m[35m (0.3ms)[0m  BEGIN
  [1m[36mUser Exists (0.5ms)[0m  [1mSELECT  1 AS one FROM "users" WHERE ("users"."session_token" = 'PDUNCYYg21foDqPGJ8iSrA' AND "users"."id" != 12) LIMIT 1[0m
  [1m[35mUser Exists (0.5ms)[0m  SELECT  1 AS one FROM "users" WHERE ("users"."username" = 'bbbbbb' AND "users"."id" != 12) LIMIT 1
  [1m[36mSQL (0.5ms)[0m  [1mUPDATE "users" SET "session_token" = $1, "updated_at" = $2 WHERE "users"."id" = $3[0m  [["session_token", "PDUNCYYg21foDqPGJ8iSrA"], ["updated_at", "2017-02-16 05:39:43.739459"], ["id", 12]]
  [1m[35m (0.5ms)[0m  COMMIT
DEPRECATION WARNING: `#deliver` is deprecated and will be removed in Rails 5. Use `#deliver_now` to deliver immediately or `#deliver_later` to deliver through Active Job. (called from create at /Users/kyumin133/Downloads/homeworks/W4/W4D4/99cats/app/controllers/users_controller.rb:9)

UserMailer#welcome_email: processed outbound mail in 4.0ms
Completed 500 Internal Server Error in 103ms (ActiveRecord: 4.5ms)

NoMethodError - undefined method `email' for #<User:0x007fd48d3365d0>:
  activemodel (4.2.7.1) lib/active_model/attribute_methods.rb:433:in `method_missing'
  app/mailers/user_mailer.rb:7:in `welcome_email'
  actionpack (4.2.7.1) lib/abstract_controller/base.rb:198:in `process_action'
  actionpack (4.2.7.1) lib/abstract_controller/callbacks.rb:20:in `block in process_action'
  activesupport (4.2.7.1) lib/active_support/callbacks.rb:88:in `__run_callbacks__'
  activesupport (4.2.7.1) lib/active_support/callbacks.rb:778:in `_run_process_action_callbacks'
  activesupport (4.2.7.1) lib/active_support/callbacks.rb:81:in `run_callbacks'
  actionpack (4.2.7.1) lib/abstract_controller/callbacks.rb:19:in `process_action'
  actionpack (4.2.7.1) lib/abstract_controller/base.rb:137:in `process'
  actionview (4.2.7.1) lib/action_view/rendering.rb:30:in `process'
  actionmailer (4.2.7.1) lib/action_mailer/base.rb:596:in `block in process'
  activesupport (4.2.7.1) lib/active_support/notifications.rb:164:in `block in instrument'
  activesupport (4.2.7.1) lib/active_support/notifications/instrumenter.rb:20:in `instrument'
  activesupport (4.2.7.1) lib/active_support/notifications.rb:164:in `instrument'
  actionmailer (4.2.7.1) lib/action_mailer/base.rb:593:in `process'
  actionmailer (4.2.7.1) lib/action_mailer/base.rb:584:in `initialize'
  actionmailer (4.2.7.1) lib/action_mailer/message_delivery.rb:25:in `__getobj__'
  actionmailer (4.2.7.1) lib/action_mailer/message_delivery.rb:34:in `message'
  actionmailer (4.2.7.1) lib/action_mailer/message_delivery.rb:85:in `deliver_now'
  actionmailer (4.2.7.1) lib/action_mailer/message_delivery.rb:105:in `deliver'
  app/controllers/users_controller.rb:9:in `create'
  actionpack (4.2.7.1) lib/action_controller/metal/implicit_render.rb:4:in `send_action'
  actionpack (4.2.7.1) lib/abstract_controller/base.rb:198:in `process_action'
  actionpack (4.2.7.1) lib/action_controller/metal/rendering.rb:10:in `process_action'
  actionpack (4.2.7.1) lib/abstract_controller/callbacks.rb:20:in `block in process_action'
  activesupport (4.2.7.1) lib/active_support/callbacks.rb:117:in `call'
  activesupport (4.2.7.1) lib/active_support/callbacks.rb:555:in `block (2 levels) in compile'
  activesupport (4.2.7.1) lib/active_support/callbacks.rb:505:in `call'
  activesupport (4.2.7.1) lib/active_support/callbacks.rb:92:in `__run_callbacks__'
  activesupport (4.2.7.1) lib/active_support/callbacks.rb:778:in `_run_process_action_callbacks'
  activesupport (4.2.7.1) lib/active_support/callbacks.rb:81:in `run_callbacks'
  actionpack (4.2.7.1) lib/abstract_controller/callbacks.rb:19:in `process_action'
  actionpack (4.2.7.1) lib/action_controller/metal/rescue.rb:29:in `process_action'
  actionpack (4.2.7.1) lib/action_controller/metal/instrumentation.rb:32:in `block in process_action'
  activesupport (4.2.7.1) lib/active_support/notifications.rb:164:in `block in instrument'
  activesupport (4.2.7.1) lib/active_support/notifications/instrumenter.rb:20:in `instrument'
  activesupport (4.2.7.1) lib/active_support/notifications.rb:164:in `instrument'
  actionpack (4.2.7.1) lib/action_controller/metal/instrumentation.rb:30:in `process_action'
  actionpack (4.2.7.1) lib/action_controller/metal/params_wrapper.rb:250:in `process_action'
  activerecord (4.2.7.1) lib/active_record/railties/controller_runtime.rb:18:in `process_action'
  actionpack (4.2.7.1) lib/abstract_controller/base.rb:137:in `process'
  actionview (4.2.7.1) lib/action_view/rendering.rb:30:in `process'
  actionpack (4.2.7.1) lib/action_controller/metal.rb:196:in `dispatch'
  actionpack (4.2.7.1) lib/action_controller/metal/rack_delegation.rb:13:in `dispatch'
  actionpack (4.2.7.1) lib/action_controller/metal.rb:237:in `block in action'
  actionpack (4.2.7.1) lib/action_dispatch/routing/route_set.rb:74:in `dispatch'
  actionpack (4.2.7.1) lib/action_dispatch/routing/route_set.rb:43:in `serve'
  actionpack (4.2.7.1) lib/action_dispatch/journey/router.rb:43:in `block in serve'
  actionpack (4.2.7.1) lib/action_dispatch/journey/router.rb:30:in `serve'
  actionpack (4.2.7.1) lib/action_dispatch/routing/route_set.rb:817:in `call'
  newrelic_rpm (3.18.1.330) lib/new_relic/agent/instrumentation/middleware_tracing.rb:96:in `call'
  newrelic_rpm (3.18.1.330) lib/new_relic/rack/agent_hooks.rb:30:in `traced_call'
  newrelic_rpm (3.18.1.330) lib/new_relic/agent/instrumentation/middleware_tracing.rb:96:in `call'
  newrelic_rpm (3.18.1.330) lib/new_relic/rack/browser_monitoring.rb:32:in `traced_call'
  newrelic_rpm (3.18.1.330) lib/new_relic/agent/instrumentation/middleware_tracing.rb:96:in `call'
  rack (1.6.5) lib/rack/etag.rb:24:in `call'
  newrelic_rpm (3.18.1.330) lib/new_relic/agent/instrumentation/middleware_tracing.rb:96:in `call'
  rack (1.6.5) lib/rack/conditionalget.rb:38:in `call'
  newrelic_rpm (3.18.1.330) lib/new_relic/agent/instrumentation/middleware_tracing.rb:96:in `call'
  rack (1.6.5) lib/rack/head.rb:13:in `call'
  newrelic_rpm (3.18.1.330) lib/new_relic/agent/instrumentation/middleware_tracing.rb:96:in `call'
  actionpack (4.2.7.1) lib/action_dispatch/middleware/params_parser.rb:27:in `call'
  newrelic_rpm (3.18.1.330) lib/new_relic/agent/instrumentation/middleware_tracing.rb:96:in `call'
  actionpack (4.2.7.1) lib/action_dispatch/middleware/flash.rb:260:in `call'
  newrelic_rpm (3.18.1.330) lib/new_relic/agent/instrumentation/middleware_tracing.rb:96:in `call'
  rack (1.6.5) lib/rack/session/abstract/id.rb:225:in `context'
  rack (1.6.5) lib/rack/session/abstract/id.rb:220:in `call'
  newrelic_rpm (3.18.1.330) lib/new_relic/agent/instrumentation/middleware_tracing.rb:96:in `call'
  actionpack (4.2.7.1) lib/action_dispatch/middleware/cookies.rb:560:in `call'
  newrelic_rpm (3.18.1.330) lib/new_relic/agent/instrumentation/middleware_tracing.rb:96:in `call'
  activerecord (4.2.7.1) lib/active_record/query_cache.rb:36:in `call'
  newrelic_rpm (3.18.1.330) lib/new_relic/agent/instrumentation/middleware_tracing.rb:96:in `call'
  activerecord (4.2.7.1) lib/active_record/connection_adapters/abstract/connection_pool.rb:653:in `call'
  newrelic_rpm (3.18.1.330) lib/new_relic/agent/instrumentation/middleware_tracing.rb:96:in `call'
  activerecord (4.2.7.1) lib/active_record/migration.rb:377:in `call'
  newrelic_rpm (3.18.1.330) lib/new_relic/agent/instrumentation/middleware_tracing.rb:96:in `call'
  actionpack (4.2.7.1) lib/action_dispatch/middleware/callbacks.rb:29:in `block in call'
  activesupport (4.2.7.1) lib/active_support/callbacks.rb:88:in `__run_callbacks__'
  activesupport (4.2.7.1) lib/active_support/callbacks.rb:778:in `_run_call_callbacks'
  activesupport (4.2.7.1) lib/active_support/callbacks.rb:81:in `run_callbacks'
  actionpack (4.2.7.1) lib/action_dispatch/middleware/callbacks.rb:27:in `call'
  newrelic_rpm (3.18.1.330) lib/new_relic/agent/instrumentation/middleware_tracing.rb:96:in `call'
  actionpack (4.2.7.1) lib/action_dispatch/middleware/reloader.rb:73:in `call'
  newrelic_rpm (3.18.1.330) lib/new_relic/agent/instrumentation/middleware_tracing.rb:96:in `call'
  actionpack (4.2.7.1) lib/action_dispatch/middleware/remote_ip.rb:78:in `call'
  newrelic_rpm (3.18.1.330) lib/new_relic/agent/instrumentation/middleware_tracing.rb:96:in `call'
  better_errors (2.1.1) lib/better_errors/middleware.rb:84:in `protected_app_call'
  better_errors (2.1.1) lib/better_errors/middleware.rb:79:in `better_errors_call'
  better_errors (2.1.1) lib/better_errors/middleware.rb:57:in `call'
  newrelic_rpm (3.18.1.330) lib/new_relic/agent/instrumentation/middleware_tracing.rb:96:in `call'
  actionpack (4.2.7.1) lib/action_dispatch/middleware/debug_exceptions.rb:17:in `call'
  newrelic_rpm (3.18.1.330) lib/new_relic/agent/instrumentation/middleware_tracing.rb:96:in `call'
  actionpack (4.2.7.1) lib/action_dispatch/middleware/show_exceptions.rb:30:in `call'
  newrelic_rpm (3.18.1.330) lib/new_relic/agent/instrumentation/middleware_tracing.rb:96:in `call'
  railties (4.2.7.1) lib/rails/rack/logger.rb:38:in `call_app'
  railties (4.2.7.1) lib/rails/rack/logger.rb:20:in `block in call'
  activesupport (4.2.7.1) lib/active_support/tagged_logging.rb:68:in `block in tagged'
  activesupport (4.2.7.1) lib/active_support/tagged_logging.rb:26:in `tagged'
  activesupport (4.2.7.1) lib/active_support/tagged_logging.rb:68:in `tagged'
  railties (4.2.7.1) lib/rails/rack/logger.rb:20:in `call'
  newrelic_rpm (3.18.1.330) lib/new_relic/agent/instrumentation/middleware_tracing.rb:96:in `call'
  actionpack (4.2.7.1) lib/action_dispatch/middleware/request_id.rb:21:in `call'
  newrelic_rpm (3.18.1.330) lib/new_relic/agent/instrumentation/middleware_tracing.rb:96:in `call'
  rack (1.6.5) lib/rack/methodoverride.rb:22:in `call'
  newrelic_rpm (3.18.1.330) lib/new_relic/agent/instrumentation/middleware_tracing.rb:96:in `call'
  rack (1.6.5) lib/rack/runtime.rb:18:in `call'
  newrelic_rpm (3.18.1.330) lib/new_relic/agent/instrumentation/middleware_tracing.rb:96:in `call'
  activesupport (4.2.7.1) lib/active_support/cache/strategy/local_cache_middleware.rb:28:in `call'
  newrelic_rpm (3.18.1.330) lib/new_relic/agent/instrumentation/middleware_tracing.rb:96:in `call'
  rack (1.6.5) lib/rack/lock.rb:17:in `call'
  newrelic_rpm (3.18.1.330) lib/new_relic/agent/instrumentation/middleware_tracing.rb:96:in `call'
  actionpack (4.2.7.1) lib/action_dispatch/middleware/static.rb:120:in `call'
  newrelic_rpm (3.18.1.330) lib/new_relic/agent/instrumentation/middleware_tracing.rb:96:in `call'
  rack (1.6.5) lib/rack/sendfile.rb:113:in `call'
  newrelic_rpm (3.18.1.330) lib/new_relic/agent/instrumentation/middleware_tracing.rb:96:in `call'
  railties (4.2.7.1) lib/rails/engine.rb:518:in `call'
  railties (4.2.7.1) lib/rails/application.rb:165:in `call'
  newrelic_rpm (3.18.1.330) lib/new_relic/agent/instrumentation/middleware_tracing.rb:96:in `call'
  rack (1.6.5) lib/rack/lock.rb:17:in `call'
  rack (1.6.5) lib/rack/content_length.rb:15:in `call'
  rack (1.6.5) lib/rack/handler/webrick.rb:88:in `service'
  /Users/kyumin133/.rvm/rubies/ruby-2.3.3/lib/ruby/2.3.0/webrick/httpserver.rb:140:in `service'
  /Users/kyumin133/.rvm/rubies/ruby-2.3.3/lib/ruby/2.3.0/webrick/httpserver.rb:96:in `run'
  /Users/kyumin133/.rvm/rubies/ruby-2.3.3/lib/ruby/2.3.0/webrick/server.rb:296:in `block in start_thread'



Started POST "/__better_errors/fc4c136a3c7da82f/variables" for ::1 at 2017-02-15 21:39:44 -0800


Started POST "/__better_errors/fc4c136a3c7da82f/eval" for ::1 at 2017-02-15 21:39:58 -0800


Started POST "/users" for ::1 at 2017-02-15 21:41:03 -0800
Processing by UsersController#create as HTML
  Parameters: {"authenticity_token"=>"4jHJs68Xkf717REB0IGBvAaM9Wy0s0HHuKjDH85vkVPcJrBUoy42hFhppL55e4UDEfj3Od0fzEGEkl8huO/+qw==", "user"=>{"username"=>"bbbbbb", "password"=>"[FILTERED]"}}
  [1m[36m (0.4ms)[0m  [1mBEGIN[0m
  [1m[35mUser Exists (0.6ms)[0m  SELECT  1 AS one FROM "users" WHERE "users"."session_token" = 'I8wDWwcCMumgwccO2LVkEg' LIMIT 1
  [1m[36mUser Exists (1.0ms)[0m  [1mSELECT  1 AS one FROM "users" WHERE "users"."username" = 'bbbbbb' LIMIT 1[0m
  [1m[35m (0.3ms)[0m  ROLLBACK
  Rendered shared/_errors.html.erb (0.2ms)
  Rendered users/new.html.erb within layouts/application (2.3ms)
Completed 200 OK in 102ms (Views: 9.2ms | ActiveRecord: 5.1ms)


Started GET "/assets/application.css?body=1" for ::1 at 2017-02-15 21:41:03 -0800


Started POST "/users" for ::1 at 2017-02-15 21:41:08 -0800
Processing by UsersController#create as HTML
  Parameters: {"authenticity_token"=>"Xl2PUreB5zfDJh1EqrCEsOp81HrxRrtyJiqgdabvHlZgSva1u7hATW6iqPsDSoAP/QjWL5jqNvQaEDxL0G9xrg==", "user"=>{"username"=>"cccccc", "password"=>"[FILTERED]"}}
  [1m[36m (0.4ms)[0m  [1mBEGIN[0m
  [1m[35mUser Exists (0.5ms)[0m  SELECT  1 AS one FROM "users" WHERE "users"."session_token" = 'lkDzPXunsIlMxU-9twhVvQ' LIMIT 1
  [1m[36mUser Exists (0.5ms)[0m  [1mSELECT  1 AS one FROM "users" WHERE "users"."username" = 'cccccc' LIMIT 1[0m
  [1m[35mSQL (0.4ms)[0m  INSERT INTO "users" ("password_digest", "username", "session_token", "created_at", "updated_at") VALUES ($1, $2, $3, $4, $5) RETURNING "id"  [["password_digest", "$2a$10$b1UXfxDs/OeeXBTj8yl/OeoBYbMhLLqOu21yAdJPYJTVYyht18zw6"], ["username", "cccccc"], ["session_token", "lkDzPXunsIlMxU-9twhVvQ"], ["created_at", "2017-02-16 05:41:09.022503"], ["updated_at", "2017-02-16 05:41:09.022503"]]
  [1m[36m (0.5ms)[0m  [1mCOMMIT[0m
  [1m[35m (0.2ms)[0m  BEGIN
  [1m[36mUser Exists (0.5ms)[0m  [1mSELECT  1 AS one FROM "users" WHERE ("users"."session_token" = 'LQ8ufvjKpgnEMd3eeH9ZNQ' AND "users"."id" != 13) LIMIT 1[0m
  [1m[35mUser Exists (0.7ms)[0m  SELECT  1 AS one FROM "users" WHERE ("users"."username" = 'cccccc' AND "users"."id" != 13) LIMIT 1
  [1m[36mSQL (0.5ms)[0m  [1mUPDATE "users" SET "session_token" = $1, "updated_at" = $2 WHERE "users"."id" = $3[0m  [["session_token", "LQ8ufvjKpgnEMd3eeH9ZNQ"], ["updated_at", "2017-02-16 05:41:09.028123"], ["id", 13]]
  [1m[35m (0.5ms)[0m  COMMIT
DEPRECATION WARNING: `#deliver` is deprecated and will be removed in Rails 5. Use `#deliver_now` to deliver immediately or `#deliver_later` to deliver through Active Job. (called from create at /Users/kyumin133/Downloads/homeworks/W4/W4D4/99cats/app/controllers/users_controller.rb:9)
  Rendered user_mailer/welcome_email.html.erb within layouts/mailer (10.2ms)

UserMailer#welcome_email: processed outbound mail in 28.0ms
Completed 500 Internal Server Error in 128ms (ActiveRecord: 4.7ms)

NoMethodError - undefined method `name' for #<User:0x007fd48d61d2a8>:
  activemodel (4.2.7.1) lib/active_model/attribute_methods.rb:433:in `method_missing'
  app/views/user_mailer/welcome_email.html.erb:7:in `_app_views_user_mailer_welcome_email_html_erb__3791611447808611698_70275440538240'
  actionview (4.2.7.1) lib/action_view/template.rb:145:in `block in render'
  activesupport (4.2.7.1) lib/active_support/notifications.rb:164:in `block in instrument'
  activesupport (4.2.7.1) lib/active_support/notifications/instrumenter.rb:20:in `instrument'
  activesupport (4.2.7.1) lib/active_support/notifications.rb:164:in `instrument'
  actionview (4.2.7.1) lib/action_view/template.rb:333:in `instrument'
  actionview (4.2.7.1) lib/action_view/template.rb:143:in `render'
  actionview (4.2.7.1) lib/action_view/renderer/template_renderer.rb:54:in `block (2 levels) in render_template'
  actionview (4.2.7.1) lib/action_view/renderer/abstract_renderer.rb:39:in `block in instrument'
  activesupport (4.2.7.1) lib/active_support/notifications.rb:164:in `block in instrument'
  activesupport (4.2.7.1) lib/active_support/notifications/instrumenter.rb:20:in `instrument'
  activesupport (4.2.7.1) lib/active_support/notifications.rb:164:in `instrument'
  actionview (4.2.7.1) lib/action_view/renderer/abstract_renderer.rb:39:in `instrument'
  actionview (4.2.7.1) lib/action_view/renderer/template_renderer.rb:53:in `block in render_template'
  actionview (4.2.7.1) lib/action_view/renderer/template_renderer.rb:61:in `render_with_layout'
  actionview (4.2.7.1) lib/action_view/renderer/template_renderer.rb:52:in `render_template'
  actionview (4.2.7.1) lib/action_view/renderer/template_renderer.rb:14:in `render'
  actionview (4.2.7.1) lib/action_view/renderer/renderer.rb:46:in `render_template'
  actionview (4.2.7.1) lib/action_view/renderer/renderer.rb:27:in `render'
  actionview (4.2.7.1) lib/action_view/rendering.rb:100:in `_render_template'
  actionview (4.2.7.1) lib/action_view/rendering.rb:83:in `render_to_body'
  actionpack (4.2.7.1) lib/abstract_controller/rendering.rb:25:in `render'
  actionmailer (4.2.7.1) lib/action_mailer/base.rb:904:in `block in collect_responses'
  actionmailer (4.2.7.1) lib/action_mailer/base.rb:918:in `each_template'
  actionmailer (4.2.7.1) lib/action_mailer/base.rb:900:in `collect_responses'
  actionmailer (4.2.7.1) lib/action_mailer/base.rb:829:in `mail'
  app/mailers/user_mailer.rb:7:in `welcome_email'
  actionpack (4.2.7.1) lib/abstract_controller/base.rb:198:in `process_action'
  actionpack (4.2.7.1) lib/abstract_controller/callbacks.rb:20:in `block in process_action'
  activesupport (4.2.7.1) lib/active_support/callbacks.rb:88:in `__run_callbacks__'
  activesupport (4.2.7.1) lib/active_support/callbacks.rb:778:in `_run_process_action_callbacks'
  activesupport (4.2.7.1) lib/active_support/callbacks.rb:81:in `run_callbacks'
  actionpack (4.2.7.1) lib/abstract_controller/callbacks.rb:19:in `process_action'
  actionpack (4.2.7.1) lib/abstract_controller/base.rb:137:in `process'
  actionview (4.2.7.1) lib/action_view/rendering.rb:30:in `process'
  actionmailer (4.2.7.1) lib/action_mailer/base.rb:596:in `block in process'
  activesupport (4.2.7.1) lib/active_support/notifications.rb:164:in `block in instrument'
  activesupport (4.2.7.1) lib/active_support/notifications/instrumenter.rb:20:in `instrument'
  activesupport (4.2.7.1) lib/active_support/notifications.rb:164:in `instrument'
  actionmailer (4.2.7.1) lib/action_mailer/base.rb:593:in `process'
  actionmailer (4.2.7.1) lib/action_mailer/base.rb:584:in `initialize'
  actionmailer (4.2.7.1) lib/action_mailer/message_delivery.rb:25:in `__getobj__'
  actionmailer (4.2.7.1) lib/action_mailer/message_delivery.rb:34:in `message'
  actionmailer (4.2.7.1) lib/action_mailer/message_delivery.rb:85:in `deliver_now'
  actionmailer (4.2.7.1) lib/action_mailer/message_delivery.rb:105:in `deliver'
  app/controllers/users_controller.rb:9:in `create'
  actionpack (4.2.7.1) lib/action_controller/metal/implicit_render.rb:4:in `send_action'
  actionpack (4.2.7.1) lib/abstract_controller/base.rb:198:in `process_action'
  actionpack (4.2.7.1) lib/action_controller/metal/rendering.rb:10:in `process_action'
  actionpack (4.2.7.1) lib/abstract_controller/callbacks.rb:20:in `block in process_action'
  activesupport (4.2.7.1) lib/active_support/callbacks.rb:117:in `call'
  activesupport (4.2.7.1) lib/active_support/callbacks.rb:555:in `block (2 levels) in compile'
  activesupport (4.2.7.1) lib/active_support/callbacks.rb:505:in `call'
  activesupport (4.2.7.1) lib/active_support/callbacks.rb:92:in `__run_callbacks__'
  activesupport (4.2.7.1) lib/active_support/callbacks.rb:778:in `_run_process_action_callbacks'
  activesupport (4.2.7.1) lib/active_support/callbacks.rb:81:in `run_callbacks'
  actionpack (4.2.7.1) lib/abstract_controller/callbacks.rb:19:in `process_action'
  actionpack (4.2.7.1) lib/action_controller/metal/rescue.rb:29:in `process_action'
  actionpack (4.2.7.1) lib/action_controller/metal/instrumentation.rb:32:in `block in process_action'
  activesupport (4.2.7.1) lib/active_support/notifications.rb:164:in `block in instrument'
  activesupport (4.2.7.1) lib/active_support/notifications/instrumenter.rb:20:in `instrument'
  activesupport (4.2.7.1) lib/active_support/notifications.rb:164:in `instrument'
  actionpack (4.2.7.1) lib/action_controller/metal/instrumentation.rb:30:in `process_action'
  actionpack (4.2.7.1) lib/action_controller/metal/params_wrapper.rb:250:in `process_action'
  activerecord (4.2.7.1) lib/active_record/railties/controller_runtime.rb:18:in `process_action'
  actionpack (4.2.7.1) lib/abstract_controller/base.rb:137:in `process'
  actionview (4.2.7.1) lib/action_view/rendering.rb:30:in `process'
  actionpack (4.2.7.1) lib/action_controller/metal.rb:196:in `dispatch'
  actionpack (4.2.7.1) lib/action_controller/metal/rack_delegation.rb:13:in `dispatch'
  actionpack (4.2.7.1) lib/action_controller/metal.rb:237:in `block in action'
  actionpack (4.2.7.1) lib/action_dispatch/routing/route_set.rb:74:in `dispatch'
  actionpack (4.2.7.1) lib/action_dispatch/routing/route_set.rb:43:in `serve'
  actionpack (4.2.7.1) lib/action_dispatch/journey/router.rb:43:in `block in serve'
  actionpack (4.2.7.1) lib/action_dispatch/journey/router.rb:30:in `serve'
  actionpack (4.2.7.1) lib/action_dispatch/routing/route_set.rb:817:in `call'
  newrelic_rpm (3.18.1.330) lib/new_relic/agent/instrumentation/middleware_tracing.rb:96:in `call'
  newrelic_rpm (3.18.1.330) lib/new_relic/rack/agent_hooks.rb:30:in `traced_call'
  newrelic_rpm (3.18.1.330) lib/new_relic/agent/instrumentation/middleware_tracing.rb:96:in `call'
  newrelic_rpm (3.18.1.330) lib/new_relic/rack/browser_monitoring.rb:32:in `traced_call'
  newrelic_rpm (3.18.1.330) lib/new_relic/agent/instrumentation/middleware_tracing.rb:96:in `call'
  rack (1.6.5) lib/rack/etag.rb:24:in `call'
  newrelic_rpm (3.18.1.330) lib/new_relic/agent/instrumentation/middleware_tracing.rb:96:in `call'
  rack (1.6.5) lib/rack/conditionalget.rb:38:in `call'
  newrelic_rpm (3.18.1.330) lib/new_relic/agent/instrumentation/middleware_tracing.rb:96:in `call'
  rack (1.6.5) lib/rack/head.rb:13:in `call'
  newrelic_rpm (3.18.1.330) lib/new_relic/agent/instrumentation/middleware_tracing.rb:96:in `call'
  actionpack (4.2.7.1) lib/action_dispatch/middleware/params_parser.rb:27:in `call'
  newrelic_rpm (3.18.1.330) lib/new_relic/agent/instrumentation/middleware_tracing.rb:96:in `call'
  actionpack (4.2.7.1) lib/action_dispatch/middleware/flash.rb:260:in `call'
  newrelic_rpm (3.18.1.330) lib/new_relic/agent/instrumentation/middleware_tracing.rb:96:in `call'
  rack (1.6.5) lib/rack/session/abstract/id.rb:225:in `context'
  rack (1.6.5) lib/rack/session/abstract/id.rb:220:in `call'
  newrelic_rpm (3.18.1.330) lib/new_relic/agent/instrumentation/middleware_tracing.rb:96:in `call'
  actionpack (4.2.7.1) lib/action_dispatch/middleware/cookies.rb:560:in `call'
  newrelic_rpm (3.18.1.330) lib/new_relic/agent/instrumentation/middleware_tracing.rb:96:in `call'
  activerecord (4.2.7.1) lib/active_record/query_cache.rb:36:in `call'
  newrelic_rpm (3.18.1.330) lib/new_relic/agent/instrumentation/middleware_tracing.rb:96:in `call'
  activerecord (4.2.7.1) lib/active_record/connection_adapters/abstract/connection_pool.rb:653:in `call'
  newrelic_rpm (3.18.1.330) lib/new_relic/agent/instrumentation/middleware_tracing.rb:96:in `call'
  activerecord (4.2.7.1) lib/active_record/migration.rb:377:in `call'
  newrelic_rpm (3.18.1.330) lib/new_relic/agent/instrumentation/middleware_tracing.rb:96:in `call'
  actionpack (4.2.7.1) lib/action_dispatch/middleware/callbacks.rb:29:in `block in call'
  activesupport (4.2.7.1) lib/active_support/callbacks.rb:88:in `__run_callbacks__'
  activesupport (4.2.7.1) lib/active_support/callbacks.rb:778:in `_run_call_callbacks'
  activesupport (4.2.7.1) lib/active_support/callbacks.rb:81:in `run_callbacks'
  actionpack (4.2.7.1) lib/action_dispatch/middleware/callbacks.rb:27:in `call'
  newrelic_rpm (3.18.1.330) lib/new_relic/agent/instrumentation/middleware_tracing.rb:96:in `call'
  actionpack (4.2.7.1) lib/action_dispatch/middleware/reloader.rb:73:in `call'
  newrelic_rpm (3.18.1.330) lib/new_relic/agent/instrumentation/middleware_tracing.rb:96:in `call'
  actionpack (4.2.7.1) lib/action_dispatch/middleware/remote_ip.rb:78:in `call'
  newrelic_rpm (3.18.1.330) lib/new_relic/agent/instrumentation/middleware_tracing.rb:96:in `call'
  better_errors (2.1.1) lib/better_errors/middleware.rb:84:in `protected_app_call'
  better_errors (2.1.1) lib/better_errors/middleware.rb:79:in `better_errors_call'
  better_errors (2.1.1) lib/better_errors/middleware.rb:57:in `call'
  newrelic_rpm (3.18.1.330) lib/new_relic/agent/instrumentation/middleware_tracing.rb:96:in `call'
  actionpack (4.2.7.1) lib/action_dispatch/middleware/debug_exceptions.rb:17:in `call'
  newrelic_rpm (3.18.1.330) lib/new_relic/agent/instrumentation/middleware_tracing.rb:96:in `call'
  actionpack (4.2.7.1) lib/action_dispatch/middleware/show_exceptions.rb:30:in `call'
  newrelic_rpm (3.18.1.330) lib/new_relic/agent/instrumentation/middleware_tracing.rb:96:in `call'
  railties (4.2.7.1) lib/rails/rack/logger.rb:38:in `call_app'
  railties (4.2.7.1) lib/rails/rack/logger.rb:20:in `block in call'
  activesupport (4.2.7.1) lib/active_support/tagged_logging.rb:68:in `block in tagged'
  activesupport (4.2.7.1) lib/active_support/tagged_logging.rb:26:in `tagged'
  activesupport (4.2.7.1) lib/active_support/tagged_logging.rb:68:in `tagged'
  railties (4.2.7.1) lib/rails/rack/logger.rb:20:in `call'
  newrelic_rpm (3.18.1.330) lib/new_relic/agent/instrumentation/middleware_tracing.rb:96:in `call'
  actionpack (4.2.7.1) lib/action_dispatch/middleware/request_id.rb:21:in `call'
  newrelic_rpm (3.18.1.330) lib/new_relic/agent/instrumentation/middleware_tracing.rb:96:in `call'
  rack (1.6.5) lib/rack/methodoverride.rb:22:in `call'
  newrelic_rpm (3.18.1.330) lib/new_relic/agent/instrumentation/middleware_tracing.rb:96:in `call'
  rack (1.6.5) lib/rack/runtime.rb:18:in `call'
  newrelic_rpm (3.18.1.330) lib/new_relic/agent/instrumentation/middleware_tracing.rb:96:in `call'
  activesupport (4.2.7.1) lib/active_support/cache/strategy/local_cache_middleware.rb:28:in `call'
  newrelic_rpm (3.18.1.330) lib/new_relic/agent/instrumentation/middleware_tracing.rb:96:in `call'
  rack (1.6.5) lib/rack/lock.rb:17:in `call'
  newrelic_rpm (3.18.1.330) lib/new_relic/agent/instrumentation/middleware_tracing.rb:96:in `call'
  actionpack (4.2.7.1) lib/action_dispatch/middleware/static.rb:120:in `call'
  newrelic_rpm (3.18.1.330) lib/new_relic/agent/instrumentation/middleware_tracing.rb:96:in `call'
  rack (1.6.5) lib/rack/sendfile.rb:113:in `call'
  newrelic_rpm (3.18.1.330) lib/new_relic/agent/instrumentation/middleware_tracing.rb:96:in `call'
  railties (4.2.7.1) lib/rails/engine.rb:518:in `call'
  railties (4.2.7.1) lib/rails/application.rb:165:in `call'
  newrelic_rpm (3.18.1.330) lib/new_relic/agent/instrumentation/middleware_tracing.rb:96:in `call'
  rack (1.6.5) lib/rack/lock.rb:17:in `call'
  rack (1.6.5) lib/rack/content_length.rb:15:in `call'
  rack (1.6.5) lib/rack/handler/webrick.rb:88:in `service'
  /Users/kyumin133/.rvm/rubies/ruby-2.3.3/lib/ruby/2.3.0/webrick/httpserver.rb:140:in `service'
  /Users/kyumin133/.rvm/rubies/ruby-2.3.3/lib/ruby/2.3.0/webrick/httpserver.rb:96:in `run'
  /Users/kyumin133/.rvm/rubies/ruby-2.3.3/lib/ruby/2.3.0/webrick/server.rb:296:in `block in start_thread'



Started POST "/__better_errors/b10b4c27e4e0e099/variables" for ::1 at 2017-02-15 21:41:09 -0800


Started POST "/users" for ::1 at 2017-02-15 21:41:30 -0800
Processing by UsersController#create as HTML
  Parameters: {"authenticity_token"=>"Xl2PUreB5zfDJh1EqrCEsOp81HrxRrtyJiqgdabvHlZgSva1u7hATW6iqPsDSoAP/QjWL5jqNvQaEDxL0G9xrg==", "user"=>{"username"=>"cccccc", "password"=>"[FILTERED]"}}
  [1m[36m (0.4ms)[0m  [1mBEGIN[0m
  [1m[35mUser Exists (0.5ms)[0m  SELECT  1 AS one FROM "users" WHERE "users"."session_token" = 'wQpaxrCwsyt1kP_5A8isHg' LIMIT 1
  [1m[36mUser Exists (0.5ms)[0m  [1mSELECT  1 AS one FROM "users" WHERE "users"."username" = 'cccccc' LIMIT 1[0m
  [1m[35m (0.2ms)[0m  ROLLBACK
  Rendered shared/_errors.html.erb (0.2ms)
  Rendered users/new.html.erb within layouts/application (2.5ms)
Completed 200 OK in 89ms (Views: 8.2ms | ActiveRecord: 1.6ms)


Started GET "/assets/application.css?body=1" for ::1 at 2017-02-15 21:41:30 -0800


Started POST "/users" for ::1 at 2017-02-15 21:41:36 -0800
Processing by UsersController#create as HTML
  Parameters: {"authenticity_token"=>"iPn+G1U+0mh3v/RB6MZps6E8Gy0Dco6TERLDSRMMnii27of8WQd1Eto7Qf5BPG0MtkgZeGreAxUtKF93ZYzx0A==", "user"=>{"username"=>"dddddd", "password"=>"[FILTERED]"}}
  [1m[36m (0.3ms)[0m  [1mBEGIN[0m
  [1m[35mUser Exists (1.0ms)[0m  SELECT  1 AS one FROM "users" WHERE "users"."session_token" = 'vvQI6f3xm6DfbnHbwO5p5A' LIMIT 1
  [1m[36mUser Exists (0.5ms)[0m  [1mSELECT  1 AS one FROM "users" WHERE "users"."username" = 'dddddd' LIMIT 1[0m
  [1m[35mSQL (0.4ms)[0m  INSERT INTO "users" ("password_digest", "username", "session_token", "created_at", "updated_at") VALUES ($1, $2, $3, $4, $5) RETURNING "id"  [["password_digest", "$2a$10$zmNuqcGf98E9ViGScElBEu7HzBKg9dqLb9qFt2qb1ItY0uT4d2Whi"], ["username", "dddddd"], ["session_token", "vvQI6f3xm6DfbnHbwO5p5A"], ["created_at", "2017-02-16 05:41:36.786017"], ["updated_at", "2017-02-16 05:41:36.786017"]]
  [1m[36m (1.1ms)[0m  [1mCOMMIT[0m
  [1m[35m (0.2ms)[0m  BEGIN
  [1m[36mUser Exists (0.5ms)[0m  [1mSELECT  1 AS one FROM "users" WHERE ("users"."session_token" = 'fkQ-Oeg1-O4YGom9B9VbdA' AND "users"."id" != 14) LIMIT 1[0m
  [1m[35mUser Exists (0.5ms)[0m  SELECT  1 AS one FROM "users" WHERE ("users"."username" = 'dddddd' AND "users"."id" != 14) LIMIT 1
  [1m[36mSQL (0.4ms)[0m  [1mUPDATE "users" SET "session_token" = $1, "updated_at" = $2 WHERE "users"."id" = $3[0m  [["session_token", "fkQ-Oeg1-O4YGom9B9VbdA"], ["updated_at", "2017-02-16 05:41:36.792951"], ["id", 14]]
  [1m[35m (0.5ms)[0m  COMMIT
DEPRECATION WARNING: `#deliver` is deprecated and will be removed in Rails 5. Use `#deliver_now` to deliver immediately or `#deliver_later` to deliver through Active Job. (called from create at /Users/kyumin133/Downloads/homeworks/W4/W4D4/99cats/app/controllers/users_controller.rb:9)
  Rendered user_mailer/welcome_email.html.erb within layouts/mailer (0.8ms)

UserMailer#welcome_email: processed outbound mail in 17.4ms

Sent mail to kyumin133@gmail.com (8.4ms)
Date: Wed, 15 Feb 2017 21:41:36 -0800
From: everybody@appacademy.io
To: kyumin133@gmail.com
Message-ID: <58a53b90c7c71_57b73fea4699a49c693df@Kyumins-MacBook-Pro.local.mail>
Subject: Welcome to 99 Cats
Mime-Version: 1.0
Content-Type: text/html;
 charset=UTF-8
Content-Transfer-Encoding: 7bit

<html>
  <body>
    <!DOCTYPE html>
<html>
  <head>
    <meta content='text/html; charset=UTF-8' http-equiv='Content-Type' />
  </head>
  <body>
    <h1>Welcome to 99 Cats, dddddd!</h1>
    <p>
      To login to the site, just follow this link: localhost:3000/cats.
    </p>
    <p>Thanks and have a great day!</p>
  </body>
</html>

  </body>
</html>

Redirected to http://localhost:3000/cats
Completed 302 Found in 116ms (ActiveRecord: 5.5ms)


Started GET "/cats" for ::1 at 2017-02-15 21:41:36 -0800
Processing by CatsController#index as HTML
  [1m[36mCat Load (0.6ms)[0m  [1mSELECT "cats".* FROM "cats"[0m
  Rendered cats/index.html.erb within layouts/application (9.7ms)
  [1m[35mUser Load (0.4ms)[0m  SELECT  "users".* FROM "users" WHERE "users"."session_token" = $1 LIMIT 1  [["session_token", "fkQ-Oeg1-O4YGom9B9VbdA"]]
Completed 200 OK in 22ms (Views: 15.7ms | ActiveRecord: 2.9ms)


Started GET "/assets/application.css?body=1" for ::1 at 2017-02-15 21:41:36 -0800
DEPRECATION WARNING: You didn't set `secret_key_base`. Read the upgrade documentation to learn more about this new config option. (called from service at /Users/kyumin133/.rvm/rubies/ruby-2.3.3/lib/ruby/2.3.0/webrick/httpserver.rb:140)


Started GET "/session" for ::1 at 2017-02-15 21:44:09 -0800
  [1m[36mActiveRecord::SchemaMigration Load (0.7ms)[0m  [1mSELECT "schema_migrations".* FROM "schema_migrations"[0m

ActionController::RoutingError (No route matches [GET] "/session"):
  actionpack (4.2.7.1) lib/action_dispatch/middleware/debug_exceptions.rb:21:in `call'
  newrelic_rpm (3.18.1.330) lib/new_relic/agent/instrumentation/middleware_tracing.rb:96:in `call'
  actionpack (4.2.7.1) lib/action_dispatch/middleware/show_exceptions.rb:30:in `call'
  newrelic_rpm (3.18.1.330) lib/new_relic/agent/instrumentation/middleware_tracing.rb:96:in `call'
  railties (4.2.7.1) lib/rails/rack/logger.rb:38:in `call_app'
  railties (4.2.7.1) lib/rails/rack/logger.rb:20:in `block in call'
  activesupport (4.2.7.1) lib/active_support/tagged_logging.rb:68:in `block in tagged'
  activesupport (4.2.7.1) lib/active_support/tagged_logging.rb:26:in `tagged'
  activesupport (4.2.7.1) lib/active_support/tagged_logging.rb:68:in `tagged'
  railties (4.2.7.1) lib/rails/rack/logger.rb:20:in `call'
  newrelic_rpm (3.18.1.330) lib/new_relic/agent/instrumentation/middleware_tracing.rb:96:in `call'
  actionpack (4.2.7.1) lib/action_dispatch/middleware/request_id.rb:21:in `call'
  newrelic_rpm (3.18.1.330) lib/new_relic/agent/instrumentation/middleware_tracing.rb:96:in `call'
  rack (1.6.5) lib/rack/methodoverride.rb:22:in `call'
  newrelic_rpm (3.18.1.330) lib/new_relic/agent/instrumentation/middleware_tracing.rb:96:in `call'
  rack (1.6.5) lib/rack/runtime.rb:18:in `call'
  newrelic_rpm (3.18.1.330) lib/new_relic/agent/instrumentation/middleware_tracing.rb:96:in `call'
  activesupport (4.2.7.1) lib/active_support/cache/strategy/local_cache_middleware.rb:28:in `call'
  newrelic_rpm (3.18.1.330) lib/new_relic/agent/instrumentation/middleware_tracing.rb:96:in `call'
  rack (1.6.5) lib/rack/lock.rb:17:in `call'
  newrelic_rpm (3.18.1.330) lib/new_relic/agent/instrumentation/middleware_tracing.rb:96:in `call'
  actionpack (4.2.7.1) lib/action_dispatch/middleware/static.rb:120:in `call'
  newrelic_rpm (3.18.1.330) lib/new_relic/agent/instrumentation/middleware_tracing.rb:96:in `call'
  rack (1.6.5) lib/rack/sendfile.rb:113:in `call'
  newrelic_rpm (3.18.1.330) lib/new_relic/agent/instrumentation/middleware_tracing.rb:96:in `call'
  railties (4.2.7.1) lib/rails/engine.rb:518:in `call'
  railties (4.2.7.1) lib/rails/application.rb:165:in `call'
  newrelic_rpm (3.18.1.330) lib/new_relic/agent/instrumentation/middleware_tracing.rb:96:in `call'
  rack (1.6.5) lib/rack/lock.rb:17:in `call'
  rack (1.6.5) lib/rack/content_length.rb:15:in `call'
  rack (1.6.5) lib/rack/handler/webrick.rb:88:in `service'
  /Users/kyumin133/.rvm/rubies/ruby-2.3.3/lib/ruby/2.3.0/webrick/httpserver.rb:140:in `service'
  /Users/kyumin133/.rvm/rubies/ruby-2.3.3/lib/ruby/2.3.0/webrick/httpserver.rb:96:in `run'
  /Users/kyumin133/.rvm/rubies/ruby-2.3.3/lib/ruby/2.3.0/webrick/server.rb:296:in `block in start_thread'


  Rendered /Users/kyumin133/.rvm/gems/ruby-2.3.3/gems/actionpack-4.2.7.1/lib/action_dispatch/middleware/templates/rescues/_trace.html.erb (2.3ms)
  Rendered /Users/kyumin133/.rvm/gems/ruby-2.3.3/gems/actionpack-4.2.7.1/lib/action_dispatch/middleware/templates/routes/_route.html.erb (1.9ms)
  Rendered /Users/kyumin133/.rvm/gems/ruby-2.3.3/gems/actionpack-4.2.7.1/lib/action_dispatch/middleware/templates/routes/_table.html.erb (10.3ms)
  Rendered /Users/kyumin133/.rvm/gems/ruby-2.3.3/gems/actionpack-4.2.7.1/lib/action_dispatch/middleware/templates/rescues/_request_and_response.html.erb (4.0ms)
  Rendered /Users/kyumin133/.rvm/gems/ruby-2.3.3/gems/actionpack-4.2.7.1/lib/action_dispatch/middleware/templates/rescues/routing_error.html.erb within rescues/layout (86.3ms)


Started GET "/session" for ::1 at 2017-02-15 21:44:10 -0800

ActionController::RoutingError (No route matches [GET] "/session"):
  actionpack (4.2.7.1) lib/action_dispatch/middleware/debug_exceptions.rb:21:in `call'
  newrelic_rpm (3.18.1.330) lib/new_relic/agent/instrumentation/middleware_tracing.rb:96:in `call'
  actionpack (4.2.7.1) lib/action_dispatch/middleware/show_exceptions.rb:30:in `call'
  newrelic_rpm (3.18.1.330) lib/new_relic/agent/instrumentation/middleware_tracing.rb:96:in `call'
  railties (4.2.7.1) lib/rails/rack/logger.rb:38:in `call_app'
  railties (4.2.7.1) lib/rails/rack/logger.rb:20:in `block in call'
  activesupport (4.2.7.1) lib/active_support/tagged_logging.rb:68:in `block in tagged'
  activesupport (4.2.7.1) lib/active_support/tagged_logging.rb:26:in `tagged'
  activesupport (4.2.7.1) lib/active_support/tagged_logging.rb:68:in `tagged'
  railties (4.2.7.1) lib/rails/rack/logger.rb:20:in `call'
  newrelic_rpm (3.18.1.330) lib/new_relic/agent/instrumentation/middleware_tracing.rb:96:in `call'
  actionpack (4.2.7.1) lib/action_dispatch/middleware/request_id.rb:21:in `call'
  newrelic_rpm (3.18.1.330) lib/new_relic/agent/instrumentation/middleware_tracing.rb:96:in `call'
  rack (1.6.5) lib/rack/methodoverride.rb:22:in `call'
  newrelic_rpm (3.18.1.330) lib/new_relic/agent/instrumentation/middleware_tracing.rb:96:in `call'
  rack (1.6.5) lib/rack/runtime.rb:18:in `call'
  newrelic_rpm (3.18.1.330) lib/new_relic/agent/instrumentation/middleware_tracing.rb:96:in `call'
  activesupport (4.2.7.1) lib/active_support/cache/strategy/local_cache_middleware.rb:28:in `call'
  newrelic_rpm (3.18.1.330) lib/new_relic/agent/instrumentation/middleware_tracing.rb:96:in `call'
  rack (1.6.5) lib/rack/lock.rb:17:in `call'
  newrelic_rpm (3.18.1.330) lib/new_relic/agent/instrumentation/middleware_tracing.rb:96:in `call'
  actionpack (4.2.7.1) lib/action_dispatch/middleware/static.rb:120:in `call'
  newrelic_rpm (3.18.1.330) lib/new_relic/agent/instrumentation/middleware_tracing.rb:96:in `call'
  rack (1.6.5) lib/rack/sendfile.rb:113:in `call'
  newrelic_rpm (3.18.1.330) lib/new_relic/agent/instrumentation/middleware_tracing.rb:96:in `call'
  railties (4.2.7.1) lib/rails/engine.rb:518:in `call'
  railties (4.2.7.1) lib/rails/application.rb:165:in `call'
  newrelic_rpm (3.18.1.330) lib/new_relic/agent/instrumentation/middleware_tracing.rb:96:in `call'
  rack (1.6.5) lib/rack/lock.rb:17:in `call'
  rack (1.6.5) lib/rack/content_length.rb:15:in `call'
  rack (1.6.5) lib/rack/handler/webrick.rb:88:in `service'
  /Users/kyumin133/.rvm/rubies/ruby-2.3.3/lib/ruby/2.3.0/webrick/httpserver.rb:140:in `service'
  /Users/kyumin133/.rvm/rubies/ruby-2.3.3/lib/ruby/2.3.0/webrick/httpserver.rb:96:in `run'
  /Users/kyumin133/.rvm/rubies/ruby-2.3.3/lib/ruby/2.3.0/webrick/server.rb:296:in `block in start_thread'


  Rendered /Users/kyumin133/.rvm/gems/ruby-2.3.3/gems/actionpack-4.2.7.1/lib/action_dispatch/middleware/templates/rescues/_trace.html.erb (1.6ms)
  Rendered /Users/kyumin133/.rvm/gems/ruby-2.3.3/gems/actionpack-4.2.7.1/lib/action_dispatch/middleware/templates/routes/_route.html.erb (2.5ms)
  Rendered /Users/kyumin133/.rvm/gems/ruby-2.3.3/gems/actionpack-4.2.7.1/lib/action_dispatch/middleware/templates/routes/_table.html.erb (1.3ms)
  Rendered /Users/kyumin133/.rvm/gems/ruby-2.3.3/gems/actionpack-4.2.7.1/lib/action_dispatch/middleware/templates/rescues/_request_and_response.html.erb (1.2ms)
  Rendered /Users/kyumin133/.rvm/gems/ruby-2.3.3/gems/actionpack-4.2.7.1/lib/action_dispatch/middleware/templates/rescues/routing_error.html.erb within rescues/layout (66.2ms)


Started GET "/" for ::1 at 2017-02-15 21:44:13 -0800


Started GET "/cats" for ::1 at 2017-02-15 21:44:13 -0800
Processing by CatsController#index as HTML
  [1m[35mCat Load (0.9ms)[0m  SELECT "cats".* FROM "cats"
  Rendered cats/index.html.erb within layouts/application (15.2ms)
  [1m[36mUser Load (1.1ms)[0m  [1mSELECT  "users".* FROM "users" WHERE "users"."session_token" = $1 LIMIT 1[0m  [["session_token", "fkQ-Oeg1-O4YGom9B9VbdA"]]
Completed 200 OK in 64ms (Views: 41.0ms | ActiveRecord: 10.6ms)


Started GET "/assets/application.css?body=1" for ::1 at 2017-02-15 21:44:13 -0800


Started DELETE "/session" for ::1 at 2017-02-15 21:44:14 -0800
Processing by SessionsController#destroy as HTML
  Parameters: {"authenticity_token"=>"A6JyX0J3WTKEZ4xq2nE48pPzJm2YL+vi9yKcpkLyLOU9tQu4Tk7+SCnjOdVzizxNhIckOPGDZmTLGACYNHJDHQ=="}
  [1m[35mUser Load (0.6ms)[0m  SELECT  "users".* FROM "users" WHERE "users"."session_token" = $1 LIMIT 1  [["session_token", "fkQ-Oeg1-O4YGom9B9VbdA"]]
  [1m[36m (0.3ms)[0m  [1mBEGIN[0m
  [1m[35mUser Exists (0.8ms)[0m  SELECT  1 AS one FROM "users" WHERE ("users"."session_token" = 'QCPOBXt4_zqTeU7WYSTlcA' AND "users"."id" != 14) LIMIT 1
  [1m[36mUser Exists (0.6ms)[0m  [1mSELECT  1 AS one FROM "users" WHERE ("users"."username" = 'dddddd' AND "users"."id" != 14) LIMIT 1[0m
  [1m[35mSQL (0.8ms)[0m  UPDATE "users" SET "session_token" = $1, "updated_at" = $2 WHERE "users"."id" = $3  [["session_token", "QCPOBXt4_zqTeU7WYSTlcA"], ["updated_at", "2017-02-16 05:44:15.030734"], ["id", 14]]
  [1m[36m (0.6ms)[0m  [1mCOMMIT[0m
Redirected to http://localhost:3000/session/new
Completed 302 Found in 25ms (ActiveRecord: 3.7ms)


Started GET "/session/new" for ::1 at 2017-02-15 21:44:15 -0800
Processing by SessionsController#new as HTML
  Rendered shared/_errors.html.erb (0.7ms)
  Rendered sessions/new.html.erb within layouts/application (3.2ms)
Completed 200 OK in 12ms (Views: 11.6ms | ActiveRecord: 0.0ms)


Started GET "/assets/application.css?body=1" for ::1 at 2017-02-15 21:44:15 -0800


Started GET "/users/new" for ::1 at 2017-02-15 21:44:17 -0800
Processing by UsersController#new as HTML
  Rendered shared/_errors.html.erb (0.9ms)
  Rendered users/new.html.erb within layouts/application (4.0ms)
Completed 200 OK in 13ms (Views: 12.0ms | ActiveRecord: 0.0ms)


Started GET "/assets/application.css?body=1" for ::1 at 2017-02-15 21:44:17 -0800


Started POST "/users" for ::1 at 2017-02-15 21:44:23 -0800
Processing by UsersController#create as HTML
  Parameters: {"authenticity_token"=>"Mlv07HeJetcR2DljFteJFPBRgJBkVeB/u7AjzyqjihIMTI0Le7DdrbxcjNy/LY2r5yWCxQ35bfmHir/xXCPl6g==", "user"=>{"username"=>"dddddd", "password"=>"[FILTERED]"}}
  [1m[35m (0.3ms)[0m  BEGIN
  [1m[36mUser Exists (0.5ms)[0m  [1mSELECT  1 AS one FROM "users" WHERE "users"."session_token" = 'sVIaOK97EvrQW03_Yed4Bg' LIMIT 1[0m
  [1m[35mUser Exists (0.5ms)[0m  SELECT  1 AS one FROM "users" WHERE "users"."username" = 'dddddd' LIMIT 1
  [1m[36m (0.3ms)[0m  [1mROLLBACK[0m
  Rendered shared/_errors.html.erb (0.1ms)
  Rendered users/new.html.erb within layouts/application (1.7ms)
Completed 200 OK in 492ms (Views: 5.7ms | ActiveRecord: 1.6ms)


Started GET "/assets/application.css?body=1" for ::1 at 2017-02-15 21:44:23 -0800


Started POST "/users" for ::1 at 2017-02-15 21:44:28 -0800
Processing by UsersController#create as HTML
  Parameters: {"authenticity_token"=>"tIQiUx2AoAC7XuzTgLG8IfpzCM0DR+4ndyluJ9ycWWqKk1u0EbkHehbaWWwpS7ie7QcKmGrrY6FLE/IZqhw2kg==", "user"=>{"username"=>"eeeeee", "password"=>"[FILTERED]"}}
  [1m[35m (0.3ms)[0m  BEGIN
  [1m[36mUser Exists (0.5ms)[0m  [1mSELECT  1 AS one FROM "users" WHERE "users"."session_token" = '6SEKW84KB2X8my8KPiHOpg' LIMIT 1[0m
  [1m[35mUser Exists (0.5ms)[0m  SELECT  1 AS one FROM "users" WHERE "users"."username" = 'eeeeee' LIMIT 1
  [1m[36mSQL (0.6ms)[0m  [1mINSERT INTO "users" ("password_digest", "username", "session_token", "created_at", "updated_at") VALUES ($1, $2, $3, $4, $5) RETURNING "id"[0m  [["password_digest", "$2a$10$TtSyum.0baEGKigYspZ8O.UDBz2F87ndh1NK39iUx.uqXtSFuVf3q"], ["username", "eeeeee"], ["session_token", "6SEKW84KB2X8my8KPiHOpg"], ["created_at", "2017-02-16 05:44:28.652433"], ["updated_at", "2017-02-16 05:44:28.652433"]]
  [1m[35m (0.5ms)[0m  COMMIT
  [1m[36m (0.2ms)[0m  [1mBEGIN[0m
  [1m[35mUser Exists (0.7ms)[0m  SELECT  1 AS one FROM "users" WHERE ("users"."session_token" = 'BlGEWqp3BY39ki2fxaTMRQ' AND "users"."id" != 15) LIMIT 1
  [1m[36mUser Exists (0.5ms)[0m  [1mSELECT  1 AS one FROM "users" WHERE ("users"."username" = 'eeeeee' AND "users"."id" != 15) LIMIT 1[0m
  [1m[35mSQL (0.5ms)[0m  UPDATE "users" SET "session_token" = $1, "updated_at" = $2 WHERE "users"."id" = $3  [["session_token", "BlGEWqp3BY39ki2fxaTMRQ"], ["updated_at", "2017-02-16 05:44:28.659009"], ["id", 15]]
  [1m[36m (0.5ms)[0m  [1mCOMMIT[0m
DEPRECATION WARNING: `#deliver` is deprecated and will be removed in Rails 5. Use `#deliver_now` to deliver immediately or `#deliver_later` to deliver through Active Job. (called from create at /Users/kyumin133/Downloads/homeworks/W4/W4D4/99cats/app/controllers/users_controller.rb:9)
  Rendered user_mailer/welcome_email.html.erb within layouts/mailer (0.6ms)

UserMailer#welcome_email: processed outbound mail in 164.7ms

Sent mail to kyumin133@gmail.com (18.4ms)
Date: Wed, 15 Feb 2017 21:44:28 -0800
From: everybody@appacademy.io
To: kyumin133@gmail.com
Message-ID: <58a53c3cce763_5a433fc0933718046268d@Kyumins-MacBook-Pro.local.mail>
Subject: Welcome to 99 Cats
Mime-Version: 1.0
Content-Type: text/html;
 charset=UTF-8
Content-Transfer-Encoding: 7bit

<html>
  <body>
    <!DOCTYPE html>
<html>
  <head>
    <meta content='text/html; charset=UTF-8' http-equiv='Content-Type' />
  </head>
  <body>
    <h1>Welcome to 99 Cats, eeeeee!</h1>
    <p>
      To login to the site, just follow this link: localhost:3000/cats.
    </p>
    <p>Thanks and have a great day!</p>
  </body>
</html>

  </body>
</html>

Redirected to http://localhost:3000/cats
Completed 302 Found in 290ms (ActiveRecord: 4.7ms)


Started GET "/cats" for ::1 at 2017-02-15 21:44:28 -0800
Processing by CatsController#index as HTML
  [1m[35mCat Load (0.6ms)[0m  SELECT "cats".* FROM "cats"
  Rendered cats/index.html.erb within layouts/application (3.3ms)
  [1m[36mUser Load (0.5ms)[0m  [1mSELECT  "users".* FROM "users" WHERE "users"."session_token" = $1 LIMIT 1[0m  [["session_token", "BlGEWqp3BY39ki2fxaTMRQ"]]
Completed 200 OK in 13ms (Views: 10.5ms | ActiveRecord: 1.1ms)


Started GET "/assets/application.css?body=1" for ::1 at 2017-02-15 21:44:28 -0800


Started DELETE "/session" for ::1 at 2017-02-15 21:45:14 -0800
Processing by SessionsController#destroy as HTML
  Parameters: {"authenticity_token"=>"VS3OsrIjnQ5dwse42bN5HhVvKaSwmeRMULU/J0cbdwVrOrdVvho6dPBGcgdwSX2hAhsr8dk1acpsj6MZMZsY/Q=="}
  [1m[35mUser Load (0.5ms)[0m  SELECT  "users".* FROM "users" WHERE "users"."session_token" = $1 LIMIT 1  [["session_token", "BlGEWqp3BY39ki2fxaTMRQ"]]
  [1m[36m (0.3ms)[0m  [1mBEGIN[0m
  [1m[35mUser Exists (0.6ms)[0m  SELECT  1 AS one FROM "users" WHERE ("users"."session_token" = 'Qy1g_-9qFeW8r3Mrh8O1UQ' AND "users"."id" != 15) LIMIT 1
  [1m[36mUser Exists (0.6ms)[0m  [1mSELECT  1 AS one FROM "users" WHERE ("users"."username" = 'eeeeee' AND "users"."id" != 15) LIMIT 1[0m
  [1m[35mSQL (0.6ms)[0m  UPDATE "users" SET "session_token" = $1, "updated_at" = $2 WHERE "users"."id" = $3  [["session_token", "Qy1g_-9qFeW8r3Mrh8O1UQ"], ["updated_at", "2017-02-16 05:45:14.743485"], ["id", 15]]
  [1m[36m (0.6ms)[0m  [1mCOMMIT[0m
Redirected to http://localhost:3000/session/new
Completed 302 Found in 12ms (ActiveRecord: 3.3ms)


Started GET "/session/new" for ::1 at 2017-02-15 21:45:14 -0800
Processing by SessionsController#new as HTML
  Rendered shared/_errors.html.erb (0.3ms)
  Rendered sessions/new.html.erb within layouts/application (2.3ms)
Completed 200 OK in 8ms (Views: 7.0ms | ActiveRecord: 0.0ms)


Started GET "/assets/application.css?body=1" for ::1 at 2017-02-15 21:45:14 -0800


Started GET "/users/new" for ::1 at 2017-02-15 21:45:16 -0800
Processing by UsersController#new as HTML
  Rendered shared/_errors.html.erb (0.6ms)
  Rendered users/new.html.erb within layouts/application (3.5ms)
Completed 200 OK in 11ms (Views: 10.5ms | ActiveRecord: 0.0ms)


Started GET "/assets/application.css?body=1" for ::1 at 2017-02-15 21:45:16 -0800


Started POST "/users" for ::1 at 2017-02-15 21:45:21 -0800
Processing by UsersController#create as HTML
  Parameters: {"authenticity_token"=>"UOEQrr8Cbc3mir0JD/F6m1HBQ3OY7sekdl3N8oNvGE9u9mlJszvKt0sOCLamC34kRrVBJvFCSiJKZ1HM9e93tw==", "user"=>{"username"=>"ffffff", "password"=>"[FILTERED]"}}
  [1m[35m (0.3ms)[0m  BEGIN
  [1m[36mUser Exists (0.5ms)[0m  [1mSELECT  1 AS one FROM "users" WHERE "users"."session_token" = '_ugtVT062AvWCQAngRECaA' LIMIT 1[0m
  [1m[35mUser Exists (0.5ms)[0m  SELECT  1 AS one FROM "users" WHERE "users"."username" = 'ffffff' LIMIT 1
  [1m[36mSQL (0.5ms)[0m  [1mINSERT INTO "users" ("password_digest", "username", "session_token", "created_at", "updated_at") VALUES ($1, $2, $3, $4, $5) RETURNING "id"[0m  [["password_digest", "$2a$10$WMpf42HhGyVjTeKUJP2ZGufXfj82ObaJ5WyrwJjMbSftaLNoE2sIe"], ["username", "ffffff"], ["session_token", "_ugtVT062AvWCQAngRECaA"], ["created_at", "2017-02-16 05:45:22.002556"], ["updated_at", "2017-02-16 05:45:22.002556"]]
  [1m[35m (0.5ms)[0m  COMMIT
  [1m[36m (0.2ms)[0m  [1mBEGIN[0m
  [1m[35mUser Exists (0.5ms)[0m  SELECT  1 AS one FROM "users" WHERE ("users"."session_token" = 'ujK7VzEDckZcIV1DDqvlhQ' AND "users"."id" != 16) LIMIT 1
  [1m[36mUser Exists (0.5ms)[0m  [1mSELECT  1 AS one FROM "users" WHERE ("users"."username" = 'ffffff' AND "users"."id" != 16) LIMIT 1[0m
  [1m[35mSQL (0.5ms)[0m  UPDATE "users" SET "session_token" = $1, "updated_at" = $2 WHERE "users"."id" = $3  [["session_token", "ujK7VzEDckZcIV1DDqvlhQ"], ["updated_at", "2017-02-16 05:45:22.007751"], ["id", 16]]
  [1m[36m (0.5ms)[0m  [1mCOMMIT[0m
DEPRECATION WARNING: `#deliver` is deprecated and will be removed in Rails 5. Use `#deliver_now` to deliver immediately or `#deliver_later` to deliver through Active Job. (called from create at /Users/kyumin133/Downloads/homeworks/W4/W4D4/99cats/app/controllers/users_controller.rb:9)
  Rendered user_mailer/welcome_email.html.erb within layouts/mailer (0.7ms)

UserMailer#welcome_email: processed outbound mail in 14.9ms

Sent mail to kyumin133@gmail.com (6.8ms)
Date: Wed, 15 Feb 2017 21:45:22 -0800
From: everybody@appacademy.io
To: kyumin133@gmail.com
Message-ID: <58a53c7269ae_5a433fc0926a2c1862755@Kyumins-MacBook-Pro.local.mail>
Subject: Welcome to 99 Cats
Mime-Version: 1.0
Content-Type: text/html;
 charset=UTF-8
Content-Transfer-Encoding: 7bit

<html>
  <body>
    <!DOCTYPE html>
<html>
  <head>
    <meta content='text/html; charset=UTF-8' http-equiv='Content-Type' />
  </head>
  <body>
    <h1>Welcome to 99 Cats, ffffff!</h1>
    <p>
      To login to the site, just follow <a href='localhost:3000/cats'>this link</a>.
    </p>
    <p>Thanks and have a great day!</p>
  </body>
</html>

  </body>
</html>

Redirected to http://localhost:3000/cats
Completed 302 Found in 110ms (ActiveRecord: 4.3ms)


Started GET "/cats" for ::1 at 2017-02-15 21:45:22 -0800
Processing by CatsController#index as HTML
  [1m[35mCat Load (0.5ms)[0m  SELECT "cats".* FROM "cats"
  Rendered cats/index.html.erb within layouts/application (3.2ms)
  [1m[36mUser Load (0.6ms)[0m  [1mSELECT  "users".* FROM "users" WHERE "users"."session_token" = $1 LIMIT 1[0m  [["session_token", "ujK7VzEDckZcIV1DDqvlhQ"]]
Completed 200 OK in 11ms (Views: 9.1ms | ActiveRecord: 1.1ms)


Started GET "/assets/application.css?body=1" for ::1 at 2017-02-15 21:45:22 -0800


Started GET "/cats" for ::1 at 2017-02-15 21:45:30 -0800
Processing by CatsController#index as HTML
  [1m[35mCat Load (0.6ms)[0m  SELECT "cats".* FROM "cats"
  Rendered cats/index.html.erb within layouts/application (2.6ms)
  [1m[36mUser Load (0.4ms)[0m  [1mSELECT  "users".* FROM "users" WHERE "users"."session_token" = $1 LIMIT 1[0m  [["session_token", "ujK7VzEDckZcIV1DDqvlhQ"]]
Completed 200 OK in 11ms (Views: 7.8ms | ActiveRecord: 1.1ms)


Started GET "/assets/application.css?body=1" for ::1 at 2017-02-15 21:45:30 -0800
