  [1m[36mActiveRecord::SchemaMigration Load (0.5ms)[0m  [1mSELECT "schema_migrations".* FROM "schema_migrations"[0m
  [1m[35mActiveRecord::SchemaMigration Load (0.2ms)[0m  SELECT "schema_migrations".* FROM "schema_migrations"
  [1m[36m (4.5ms)[0m  [1mSELECT t2.oid::regclass::text AS to_table, a1.attname AS column, a2.attname AS primary_key, c.conname AS name, c.confupdtype AS on_update, c.confdeltype AS on_delete
FROM pg_constraint c
JOIN pg_class t1 ON c.conrelid = t1.oid
JOIN pg_class t2 ON c.confrelid = t2.oid
JOIN pg_attribute a1 ON a1.attnum = c.conkey[1] AND a1.attrelid = t1.oid
JOIN pg_attribute a2 ON a2.attnum = c.confkey[1] AND a2.attrelid = t2.oid
JOIN pg_namespace t3 ON c.connamespace = t3.oid
WHERE c.contype = 'f'
  AND t1.relname = 'comments'
  AND t3.nspname = ANY (current_schemas(false))
ORDER BY c.conname
[0m
  [1m[35m (3.4ms)[0m  SELECT t2.oid::regclass::text AS to_table, a1.attname AS column, a2.attname AS primary_key, c.conname AS name, c.confupdtype AS on_update, c.confdeltype AS on_delete
FROM pg_constraint c
JOIN pg_class t1 ON c.conrelid = t1.oid
JOIN pg_class t2 ON c.confrelid = t2.oid
JOIN pg_attribute a1 ON a1.attnum = c.conkey[1] AND a1.attrelid = t1.oid
JOIN pg_attribute a2 ON a2.attnum = c.confkey[1] AND a2.attrelid = t2.oid
JOIN pg_namespace t3 ON c.connamespace = t3.oid
WHERE c.contype = 'f'
  AND t1.relname = 'post_subs'
  AND t3.nspname = ANY (current_schemas(false))
ORDER BY c.conname

  [1m[36m (3.4ms)[0m  [1mSELECT t2.oid::regclass::text AS to_table, a1.attname AS column, a2.attname AS primary_key, c.conname AS name, c.confupdtype AS on_update, c.confdeltype AS on_delete
FROM pg_constraint c
JOIN pg_class t1 ON c.conrelid = t1.oid
JOIN pg_class t2 ON c.confrelid = t2.oid
JOIN pg_attribute a1 ON a1.attnum = c.conkey[1] AND a1.attrelid = t1.oid
JOIN pg_attribute a2 ON a2.attnum = c.confkey[1] AND a2.attrelid = t2.oid
JOIN pg_namespace t3 ON c.connamespace = t3.oid
WHERE c.contype = 'f'
  AND t1.relname = 'posts'
  AND t3.nspname = ANY (current_schemas(false))
ORDER BY c.conname
[0m
  [1m[35m (3.2ms)[0m  SELECT t2.oid::regclass::text AS to_table, a1.attname AS column, a2.attname AS primary_key, c.conname AS name, c.confupdtype AS on_update, c.confdeltype AS on_delete
FROM pg_constraint c
JOIN pg_class t1 ON c.conrelid = t1.oid
JOIN pg_class t2 ON c.confrelid = t2.oid
JOIN pg_attribute a1 ON a1.attnum = c.conkey[1] AND a1.attrelid = t1.oid
JOIN pg_attribute a2 ON a2.attnum = c.confkey[1] AND a2.attrelid = t2.oid
JOIN pg_namespace t3 ON c.connamespace = t3.oid
WHERE c.contype = 'f'
  AND t1.relname = 'subs'
  AND t3.nspname = ANY (current_schemas(false))
ORDER BY c.conname

  [1m[36m (3.9ms)[0m  [1mSELECT t2.oid::regclass::text AS to_table, a1.attname AS column, a2.attname AS primary_key, c.conname AS name, c.confupdtype AS on_update, c.confdeltype AS on_delete
FROM pg_constraint c
JOIN pg_class t1 ON c.conrelid = t1.oid
JOIN pg_class t2 ON c.confrelid = t2.oid
JOIN pg_attribute a1 ON a1.attnum = c.conkey[1] AND a1.attrelid = t1.oid
JOIN pg_attribute a2 ON a2.attnum = c.confkey[1] AND a2.attrelid = t2.oid
JOIN pg_namespace t3 ON c.connamespace = t3.oid
WHERE c.contype = 'f'
  AND t1.relname = 'users'
  AND t3.nspname = ANY (current_schemas(false))
ORDER BY c.conname
[0m


Started GET "/sessions/new" for ::1 at 2017-02-19 13:08:35 -0800
  [1m[36mActiveRecord::SchemaMigration Load (0.5ms)[0m  [1mSELECT "schema_migrations".* FROM "schema_migrations"[0m
Processing by SessionsController#new as HTML
  Rendered shared/_form_auth.html (14.5ms)
  Rendered shared/_user_form.html.erb (17.3ms)
  Rendered sessions/new.html.erb within layouts/application (23.4ms)
  Rendered shared/_header.html.erb (0.7ms)
  Rendered shared/_error.html.erb (0.8ms)
Completed 200 OK in 891ms (Views: 890.9ms | ActiveRecord: 0.0ms)
  [1m[36mUser Load (0.9ms)[0m  [1mSELECT "users".* FROM "users"[0m
  [1m[35m (0.2ms)[0m  BEGIN
  [1m[36mSQL (0.5ms)[0m  [1mDELETE FROM "users" WHERE "users"."id" = $1[0m  [["id", 1]]
  [1m[35m (0.4ms)[0m  COMMIT
  [1m[36mUser Load (0.8ms)[0m  [1mSELECT "users".* FROM "users"[0m


Started GET "/users/new" for ::1 at 2017-02-19 13:49:30 -0800
  [1m[36mActiveRecord::SchemaMigration Load (0.7ms)[0m  [1mSELECT "schema_migrations".* FROM "schema_migrations"[0m
Processing by UsersController#new as HTML
  Rendered shared/_form_auth.html (18.6ms)
  Rendered shared/_user_form.html.erb (20.7ms)
  Rendered users/new.html.erb within layouts/application (26.7ms)
  Rendered shared/_header.html.erb (0.5ms)
  Rendered shared/_error.html.erb (0.5ms)
Completed 200 OK in 238ms (Views: 237.1ms | ActiveRecord: 0.0ms)


Started POST "/users" for ::1 at 2017-02-19 13:50:35 -0800
Processing by UsersController#create as HTML
  Parameters: {"authenticity_token"=>"j+Uxeba+jf7JfQjarTsEaYcXEaQe0Frz2zgM6jaPxV5J4055gn5PrNOdX+Dj3HqMkDXj7p6f/WTdADdAL5+8yg==", "user"=>{"username"=>"123456", "password"=>"[FILTERED]"}}
  [1m[35m (0.2ms)[0m  BEGIN
  [1m[36mUser Exists (1.8ms)[0m  [1mSELECT  1 AS one FROM "users" WHERE "users"."username" = '123456' LIMIT 1[0m
  [1m[35mSQL (0.5ms)[0m  INSERT INTO "users" ("username", "password_digest", "session_token", "created_at", "updated_at") VALUES ($1, $2, $3, $4, $5) RETURNING "id"  [["username", "123456"], ["password_digest", "$2a$10$jd.k3grMOfOe5dxUsBoLfePGIVyJdaPgj0rXJEciEbEznnYBNByR."], ["session_token", "vqgmjG4wQubf172Nc_9aGg"], ["created_at", "2017-02-19 21:50:35.160928"], ["updated_at", "2017-02-19 21:50:35.160928"]]
  [1m[36m (0.9ms)[0m  [1mCOMMIT[0m
  [1m[35m (0.2ms)[0m  BEGIN
  [1m[36mUser Exists (0.6ms)[0m  [1mSELECT  1 AS one FROM "users" WHERE ("users"."username" = '123456' AND "users"."id" != 2) LIMIT 1[0m
  [1m[35mSQL (0.5ms)[0m  UPDATE "users" SET "session_token" = $1, "updated_at" = $2 WHERE "users"."id" = $3  [["session_token", "FfHw2XpyZdoYd9rUckCHJw"], ["updated_at", "2017-02-19 21:50:35.167060"], ["id", 2]]
  [1m[36m (0.5ms)[0m  [1mCOMMIT[0m
Redirected to http://localhost:3000/subs
Completed 302 Found in 131ms (ActiveRecord: 10.9ms)


Started GET "/subs" for ::1 at 2017-02-19 13:50:35 -0800
Processing by SubsController#index as HTML
  [1m[35mSub Load (1.4ms)[0m  SELECT "subs".* FROM "subs"  ORDER BY "subs"."title" ASC
  Rendered subs/index.html.erb within layouts/application (15.6ms)
  [1m[36mUser Load (0.4ms)[0m  [1mSELECT  "users".* FROM "users" WHERE "users"."session_token" = $1 LIMIT 1[0m  [["session_token", "FfHw2XpyZdoYd9rUckCHJw"]]
  [1m[35mCACHE (0.0ms)[0m  SELECT  "users".* FROM "users" WHERE "users"."session_token" = $1 LIMIT 1  [["session_token", "FfHw2XpyZdoYd9rUckCHJw"]]
  Rendered shared/_header.html.erb (3.7ms)
  Rendered shared/_error.html.erb (0.2ms)
Completed 200 OK in 53ms (Views: 49.3ms | ActiveRecord: 3.7ms)


Started DELETE "/sessions/2" for ::1 at 2017-02-19 13:52:46 -0800
Processing by SessionsController#destroy as HTML
  Parameters: {"authenticity_token"=>"y6pYTcdycpD4xLUhP2b3x+4PB0UOuInZOdk+6MGS4toNrCdN87KwwuIk4htxgYki+S31D473Lk4/4QVC2IKbTg==", "id"=>"2"}
  [1m[36mUser Load (0.6ms)[0m  [1mSELECT  "users".* FROM "users" WHERE "users"."id" = $1 LIMIT 1[0m  [["id", 2]]
  [1m[35m (0.2ms)[0m  BEGIN
  [1m[36mUser Exists (0.6ms)[0m  [1mSELECT  1 AS one FROM "users" WHERE ("users"."username" = '123456' AND "users"."id" != 2) LIMIT 1[0m
  [1m[35mSQL (0.6ms)[0m  UPDATE "users" SET "session_token" = $1, "updated_at" = $2 WHERE "users"."id" = $3  [["session_token", "_ALpwd9TX4RcHn-e5-eTcQ"], ["updated_at", "2017-02-19 21:52:46.437730"], ["id", 2]]
  [1m[36m (0.5ms)[0m  [1mCOMMIT[0m
  Rendered shared/_form_auth.html (0.4ms)
  Rendered shared/_user_form.html.erb (3.3ms)
  Rendered sessions/new.html.erb within layouts/application (5.3ms)
  Rendered shared/_header.html.erb (0.2ms)
  Rendered shared/_error.html.erb (0.2ms)
Completed 200 OK in 56ms (Views: 45.4ms | ActiveRecord: 2.6ms)


Started GET "/users/new" for ::1 at 2017-02-19 13:52:47 -0800
Processing by UsersController#new as HTML
  Rendered shared/_form_auth.html (0.4ms)
  Rendered shared/_user_form.html.erb (1.6ms)
  Rendered users/new.html.erb within layouts/application (3.0ms)
  Rendered shared/_header.html.erb (0.2ms)
  Rendered shared/_error.html.erb (0.3ms)
Completed 200 OK in 96ms (Views: 95.2ms | ActiveRecord: 0.0ms)
